[1711619288.330][INFO]: Starting ChromeDriver 123.0.6312.86 (9b72c47a053648d405376c5cf07999ed626728da-refs/branch-heads/6312@{#698}) on port 25214
[1711619288.330][INFO]: Please see https://chromedriver.chromium.org/security-considerations for suggestions on keeping ChromeDriver safe.
[1711619289.165][INFO]: [40efb944764c66e26b09f4ee77c66600] COMMAND InitSession {
   "capabilities": {
      "firstMatch": [ {
         "browserName": "chrome",
         "goog:chromeOptions": {
            "args": [ "start-maximized", "--disable-blink-features=AutomationControlled" ],
            "extensions": [  ]
         },
         "goog:loggingPrefs": {
            "browser": "ALL",
            "driver": "ALL"
         }
      } ]
   }
}
[1711619289.165][INFO]: Browser search. Trying... C:\Users\justr\.cache\selenium\chromedriver\win64\123.0.6312.86\chrome.exe
[1711619289.165][INFO]: Browser search. Trying... C:\Users\justr\.cache\selenium\chromedriver\win64\123.0.6312.86\chrome.exe
[1711619289.165][INFO]: Browser search. Trying... C:\Users\justr\.cache\selenium\chromedriver\win64\123.0.6312.86\chromium.exe
[1711619289.172][INFO]: Browser search. Trying... C:\Users\justr\AppData\Local\Google\Chrome\Application\chrome.exe
[1711619289.172][INFO]: Browser search. Trying... C:\Program Files\Google\Chrome\Application\chrome.exe
[1711619289.172][INFO]: Browser search. Found at  C:\Program Files\Google\Chrome\Application\chrome.exe
[1711619289.172][INFO]: Populating Preferences file: {
   "alternate_error_pages": {
      "enabled": false
   },
   "autofill": {
      "enabled": false
   },
   "browser": {
      "check_default_browser": false
   },
   "distribution": {
      "import_bookmarks": false,
      "import_history": false,
      "import_search_engine": false,
      "make_chrome_default_for_user": false,
      "skip_first_run_ui": true
   },
   "dns_prefetching": {
      "enabled": false
   },
   "profile": {
      "content_settings": {
         "pattern_pairs": {
            "https://*,*": {
               "media-stream": {
                  "audio": "Default",
                  "video": "Default"
               }
            }
         }
      },
      "default_content_setting_values": {
         "geolocation": 1
      },
      "default_content_settings": {
         "geolocation": 1,
         "mouselock": 1,
         "notifications": 1,
         "popups": 1,
         "ppapi-broker": 1
      },
      "password_manager_enabled": false
   },
   "safebrowsing": {
      "enabled": false
   },
   "search": {
      "suggest_enabled": false
   },
   "translate": {
      "enabled": false
   }
}
[1711619289.173][INFO]: Populating Local State file: {
   "background_mode": {
      "enabled": false
   },
   "ssl": {
      "rev_checking": {
         "enabled": false
      }
   }
}
[1711619289.174][INFO]: ChromeDriver supports communication with Chrome via pipes. This is more reliable and more secure.
[1711619289.174][INFO]: Use the --remote-debugging-pipe Chrome switch instead of the default --remote-debugging-port to enable this communication mode.
[1711619289.176][INFO]: Launching chrome: "C:\Program Files\Google\Chrome\Application\chrome.exe" --allow-pre-commit-input --disable-background-networking --disable-backgrounding-occluded-windows --disable-blink-features=AutomationControlled --disable-client-side-phishing-detection --disable-default-apps --disable-hang-monitor --disable-popup-blocking --disable-prompt-on-repost --disable-sync --enable-automation --enable-logging --log-level=0 --no-first-run --no-service-autorun --password-store=basic --remote-debugging-port=0 --start-maximized --test-type=webdriver --use-mock-keychain --user-data-dir="C:\Users\justr\AppData\Local\Temp\scoped_dir3196_102424531" data:,
[1711619290.469][INFO]: resolved localhost to ["::1","127.0.0.1"]
[1711619290.548][INFO]: [40efb944764c66e26b09f4ee77c66600] RESPONSE InitSession {
   "capabilities": {
      "acceptInsecureCerts": false,
      "browserName": "chrome",
      "browserVersion": "123.0.6312.86",
      "chrome": {
         "chromedriverVersion": "123.0.6312.86 (9b72c47a053648d405376c5cf07999ed626728da-refs/branch-heads/6312@{#698})",
         "userDataDir": "C:\\Users\\justr\\AppData\\Local\\Temp\\scoped_dir3196_102424531"
      },
      "fedcm:accounts": true,
      "goog:chromeOptions": {
         "debuggerAddress": "localhost:60575"
      },
      "networkConnectionEnabled": false,
      "pageLoadStrategy": "normal",
      "platformName": "windows",
      "proxy": {
      },
      "setWindowRect": true,
      "strictFileInteractability": false,
      "timeouts": {
         "implicit": 0,
         "pageLoad": 300000,
         "script": 30000
      },
      "unhandledPromptBehavior": "dismiss and notify",
      "webauthn:extension:credBlob": true,
      "webauthn:extension:largeBlob": true,
      "webauthn:extension:minPinLength": true,
      "webauthn:extension:prf": true,
      "webauthn:virtualAuthenticators": true
   },
   "sessionId": "40efb944764c66e26b09f4ee77c66600"
}
[1711619290.968][INFO]: [40efb944764c66e26b09f4ee77c66600] COMMAND MaximizeWindow {
}
[1711619290.968][INFO]: Waiting for pending navigations...
[1711619290.982][INFO]: Done waiting for pending navigations. Status: ok
[1711619290.983][INFO]: Waiting for pending navigations...
[1711619290.984][INFO]: Done waiting for pending navigations. Status: ok
[1711619290.984][INFO]: [40efb944764c66e26b09f4ee77c66600] RESPONSE MaximizeWindow {
   "height": 688,
   "width": 1296,
   "x": -8,
   "y": -8
}
[1711619290.993][INFO]: [40efb944764c66e26b09f4ee77c66600] COMMAND SetTimeouts {
   "implicit": 30000
}
[1711619290.993][INFO]: [40efb944764c66e26b09f4ee77c66600] RESPONSE SetTimeouts
[1711619291.001][INFO]: [40efb944764c66e26b09f4ee77c66600] COMMAND Navigate {
   "url": "https://www.makemytrip.com/"
}
[1711619291.001][INFO]: Waiting for pending navigations...
[1711619291.002][INFO]: Done waiting for pending navigations. Status: ok
[1711619294.001][INFO]: Waiting for pending navigations...
[1711619307.994][INFO]: Done waiting for pending navigations. Status: ok
[1711619307.994][INFO]: [40efb944764c66e26b09f4ee77c66600] RESPONSE Navigate
[1711619308.063][INFO]: [40efb944764c66e26b09f4ee77c66600] COMMAND FindElements {
   "using": "css selector",
   "value": "frame[name='webklipper\\-publisher\\-widget\\-container\\-notification\\-frame'],iframe[name='webklipper\\-publisher\\-widget\\-container\\-notification\\-frame']"
}
[1711619308.063][INFO]: Waiting for pending navigations...
[1711619308.064][INFO]: Done waiting for pending navigations. Status: ok
[1711619338.086][INFO]: Waiting for pending navigations...
[1711619338.089][INFO]: Done waiting for pending navigations. Status: ok
[1711619338.089][INFO]: [40efb944764c66e26b09f4ee77c66600] RESPONSE FindElements [  ]
[1711619338.117][INFO]: [40efb944764c66e26b09f4ee77c66600] COMMAND FindElements {
   "using": "css selector",
   "value": "frame#webklipper\\-publisher\\-widget\\-container\\-notification\\-frame,iframe#webklipper\\-publisher\\-widget\\-container\\-notification\\-frame"
}
[1711619338.117][INFO]: Waiting for pending navigations...
[1711619338.119][INFO]: Done waiting for pending navigations. Status: ok
[1711619338.142][INFO]: Waiting for pending navigations...
[1711619338.143][INFO]: Done waiting for pending navigations. Status: ok
[1711619338.143][INFO]: [40efb944764c66e26b09f4ee77c66600] RESPONSE FindElements [ {
   "element-6066-11e4-a52e-4f735466cecf": "f.9435B40B421CDC70E02DB773207B567B.d.5A6E7AA73C08FBD64A9B800F3F17496A.e.123"
} ]
[1711619338.157][INFO]: [40efb944764c66e26b09f4ee77c66600] COMMAND SwitchToFrame {
   "id": {
      "element-6066-11e4-a52e-4f735466cecf": "f.9435B40B421CDC70E02DB773207B567B.d.5A6E7AA73C08FBD64A9B800F3F17496A.e.123"
   }
}
[1711619338.157][INFO]: Waiting for pending navigations...
[1711619338.158][INFO]: Done waiting for pending navigations. Status: ok
[1711619338.203][INFO]: Waiting for pending navigations...
[1711619338.204][INFO]: Done waiting for pending navigations. Status: ok
[1711619338.204][INFO]: [40efb944764c66e26b09f4ee77c66600] RESPONSE SwitchToFrame
[1711619338.212][INFO]: [40efb944764c66e26b09f4ee77c66600] COMMAND FindElement {
   "using": "css selector",
   "value": "div.container a.close"
}
[1711619338.213][INFO]: Waiting for pending navigations...
[1711619338.214][INFO]: Done waiting for pending navigations. Status: ok
[1711619338.227][INFO]: Waiting for pending navigations...
[1711619338.228][INFO]: Done waiting for pending navigations. Status: ok
[1711619338.228][INFO]: [40efb944764c66e26b09f4ee77c66600] RESPONSE FindElement {
   "element-6066-11e4-a52e-4f735466cecf": "f.A3A09C38A86B133D8C629B77C1625389.d.83C8AF28A19112728FA36DDD27FE0746.e.124"
}
[1711619338.239][INFO]: [40efb944764c66e26b09f4ee77c66600] COMMAND ClickElement {
   "id": "f.A3A09C38A86B133D8C629B77C1625389.d.83C8AF28A19112728FA36DDD27FE0746.e.124"
}
[1711619338.239][INFO]: Waiting for pending navigations...
[1711619338.240][INFO]: Done waiting for pending navigations. Status: ok
[1711619338.383][INFO]: Waiting for pending navigations...
[1711619338.386][INFO]: Done waiting for pending navigations. Status: ok
[1711619338.386][INFO]: [40efb944764c66e26b09f4ee77c66600] RESPONSE ClickElement
[1711619338.403][INFO]: [40efb944764c66e26b09f4ee77c66600] COMMAND GetUrl {
}
[1711619338.403][INFO]: Waiting for pending navigations...
[1711619338.404][INFO]: Done waiting for pending navigations. Status: ok
[1711619338.415][INFO]: Waiting for pending navigations...
[1711619338.417][INFO]: Done waiting for pending navigations. Status: ok
[1711619338.418][INFO]: [40efb944764c66e26b09f4ee77c66600] RESPONSE GetUrl "https://www.makemytrip.com/"
[1711619338.434][INFO]: [40efb944764c66e26b09f4ee77c66600] COMMAND FindElement {
   "using": "xpath",
   "value": "//div/label[@for='fromCity']"
}
[1711619338.434][INFO]: Waiting for pending navigations...
[1711619338.435][INFO]: Done waiting for pending navigations. Status: ok
[1711619339.570][INFO]: Waiting for pending navigations...
[1711619339.570][INFO]: Done waiting for pending navigations. Status: ok
[1711619339.686][INFO]: Waiting for pending navigations...
[1711619339.687][INFO]: Done waiting for pending navigations. Status: ok
[1711619339.695][INFO]: Waiting for pending navigations...
[1711619339.696][INFO]: Done waiting for pending navigations. Status: ok
[1711619339.696][INFO]: [40efb944764c66e26b09f4ee77c66600] RESPONSE FindElement {
   "element-6066-11e4-a52e-4f735466cecf": "f.9435B40B421CDC70E02DB773207B567B.d.5A6E7AA73C08FBD64A9B800F3F17496A.e.125"
}
[1711619339.701][INFO]: [40efb944764c66e26b09f4ee77c66600] COMMAND ClickElement {
   "id": "f.9435B40B421CDC70E02DB773207B567B.d.5A6E7AA73C08FBD64A9B800F3F17496A.e.125"
}
[1711619339.701][INFO]: Waiting for pending navigations...
[1711619339.702][INFO]: Done waiting for pending navigations. Status: ok
[1711619339.855][INFO]: Waiting for pending navigations...
[1711619339.941][INFO]: Done waiting for pending navigations. Status: ok
[1711619339.941][INFO]: [40efb944764c66e26b09f4ee77c66600] RESPONSE ClickElement
[1711619342.967][INFO]: [40efb944764c66e26b09f4ee77c66600] COMMAND FindElement {
   "using": "xpath",
   "value": "//div[@role='combobox']/input"
}
[1711619342.967][INFO]: Waiting for pending navigations...
[1711619342.970][INFO]: Done waiting for pending navigations. Status: ok
[1711619343.000][INFO]: Waiting for pending navigations...
[1711619343.001][INFO]: Done waiting for pending navigations. Status: ok
[1711619343.001][INFO]: [40efb944764c66e26b09f4ee77c66600] RESPONSE FindElement {
   "element-6066-11e4-a52e-4f735466cecf": "f.9435B40B421CDC70E02DB773207B567B.d.5A6E7AA73C08FBD64A9B800F3F17496A.e.132"
}
[1711619343.012][INFO]: [40efb944764c66e26b09f4ee77c66600] COMMAND TypeElement {
   "id": "f.9435B40B421CDC70E02DB773207B567B.d.5A6E7AA73C08FBD64A9B800F3F17496A.e.132",
   "text": "blr",
   "value": [ "b", "l", "r" ]
}
[1711619343.012][INFO]: Waiting for pending navigations...
[1711619343.014][INFO]: Done waiting for pending navigations. Status: ok
[1711619343.095][INFO]: Waiting for pending navigations...
[1711619343.101][INFO]: Done waiting for pending navigations. Status: ok
[1711619343.101][INFO]: [40efb944764c66e26b09f4ee77c66600] RESPONSE TypeElement
[1711619346.123][INFO]: [40efb944764c66e26b09f4ee77c66600] COMMAND FindElements {
   "using": "xpath",
   "value": "//ul[@role='listbox']/li"
}
[1711619346.124][INFO]: Waiting for pending navigations...
[1711619346.125][INFO]: Done waiting for pending navigations. Status: ok
[1711619346.152][INFO]: Waiting for pending navigations...
[1711619346.153][INFO]: Done waiting for pending navigations. Status: ok
[1711619346.154][INFO]: [40efb944764c66e26b09f4ee77c66600] RESPONSE FindElements [ {
   "element-6066-11e4-a52e-4f735466cecf": "f.9435B40B421CDC70E02DB773207B567B.d.5A6E7AA73C08FBD64A9B800F3F17496A.e.142"
}, {
   "element-6066-11e4-a52e-4f735466cecf": "f.9435B40B421CDC70E02DB773207B567B.d.5A6E7AA73C08FBD64A9B800F3F17496A.e.135"
}, {
   "element-6066-11e4-a52e-4f735466cecf": "f.9435B40B421CDC70E02DB773207B567B.d.5A6E7AA73C08FBD64A9B800F3F17496A.e.136"
}, {
   "element-6066-11e4-a52e-4f735466cecf": "f.9435B40B421CDC70E02DB773207B567B.d.5A6E7AA73C08FBD64A9B800F3F17496A.e.138"
}, {
   "element-6066-11e4-a52e-4f735466cecf": "f.9435B40B421CDC70E02DB773207B567B.d.5A6E7AA73C08FBD64A9B800F3F17496A.e.140"
}, {
   "element-6066-11e4-a52e-4f735466cecf": "f.9435B40B421CDC70E02DB773207B567B.d.5A6E7AA73C08FBD64A9B800F3F17496A.e.143"
}, {
   "element-6066-11e4-a52e-4f735466cecf": "f.9435B40B421CDC70E02DB773207B567B.d.5A6E7AA73C08FBD64A9B800F3F17496A.e.144"
}, {
   "element-6066-11e4-a52e-4f735466cecf": "f.9435B40B421CDC70E02DB773207B567B.d.5A6E7AA73C08FBD64A9B800F3F17496A.e.145"
}, {
   "element-6066-11e4-a52e-4f735466cecf": "f.9435B40B421CDC70E02DB773207B567B.d.5A6E7AA73C08FBD64A9B800F3F17496A.e.146"
}, {
   "element-6066-11e4-a52e-4f735466cecf": "f.9435B40B421CDC70E02DB773207B567B.d.5A6E7AA73C08FBD64A9B800F3F17496A.e.147"
}, {
   "element-6066-11e4-a52e-4f735466cecf": "f.9435B40B421CDC70E02DB773207B567B.d.5A6E7AA73C08FBD64A9B800F3F17496A.e.148"
}, {
   "element-6066-11e4-a52e-4f735466cecf": "f.9435B40B421CDC70E02DB773207B567B.d.5A6E7AA73C08FBD64A9B800F3F17496A.e.149"
}, {
   "element-6066-11e4-a52e-4f735466cecf": "f.9435B40B421CDC70E02DB773207B567B.d.5A6E7AA73C08FBD64A9B800F3F17496A.e.150"
}, {
   "element-6066-11e4-a52e-4f735466cecf": "f.9435B40B421CDC70E02DB773207B567B.d.5A6E7AA73C08FBD64A9B800F3F17496A.e.151"
}, {
   "element-6066-11e4-a52e-4f735466cecf": "f.9435B40B421CDC70E02DB773207B567B.d.5A6E7AA73C08FBD64A9B800F3F17496A.e.152"
} ]
[1711619346.178][INFO]: [40efb944764c66e26b09f4ee77c66600] COMMAND ClickElement {
   "id": "f.9435B40B421CDC70E02DB773207B567B.d.5A6E7AA73C08FBD64A9B800F3F17496A.e.142"
}
[1711619346.178][INFO]: Waiting for pending navigations...
[1711619346.179][INFO]: Done waiting for pending navigations. Status: ok
[1711619346.327][INFO]: Waiting for pending navigations...
[1711619346.340][INFO]: Done waiting for pending navigations. Status: ok
[1711619346.340][INFO]: [40efb944764c66e26b09f4ee77c66600] RESPONSE ClickElement
[1711619346.350][INFO]: [40efb944764c66e26b09f4ee77c66600] COMMAND FindElement {
   "using": "css selector",
   "value": "div.searchToCity"
}
[1711619346.350][INFO]: Waiting for pending navigations...
[1711619346.351][INFO]: Done waiting for pending navigations. Status: ok
[1711619346.365][INFO]: Waiting for pending navigations...
[1711619346.366][INFO]: Done waiting for pending navigations. Status: ok
[1711619346.366][INFO]: [40efb944764c66e26b09f4ee77c66600] RESPONSE FindElement {
   "element-6066-11e4-a52e-4f735466cecf": "f.9435B40B421CDC70E02DB773207B567B.d.5A6E7AA73C08FBD64A9B800F3F17496A.e.154"
}
[1711619346.373][INFO]: [40efb944764c66e26b09f4ee77c66600] COMMAND ClickElement {
   "id": "f.9435B40B421CDC70E02DB773207B567B.d.5A6E7AA73C08FBD64A9B800F3F17496A.e.154"
}
[1711619346.373][INFO]: Waiting for pending navigations...
[1711619346.374][INFO]: Done waiting for pending navigations. Status: ok
[1711619346.520][INFO]: Waiting for pending navigations...
[1711619346.535][INFO]: Done waiting for pending navigations. Status: ok
[1711619346.535][INFO]: [40efb944764c66e26b09f4ee77c66600] RESPONSE ClickElement
[1711619346.543][INFO]: [40efb944764c66e26b09f4ee77c66600] COMMAND FindElement {
   "using": "css selector",
   "value": "div.searchToCity input"
}
[1711619346.543][INFO]: Waiting for pending navigations...
[1711619346.544][INFO]: Done waiting for pending navigations. Status: ok
[1711619346.558][INFO]: Waiting for pending navigations...
[1711619346.565][INFO]: Done waiting for pending navigations. Status: ok
[1711619346.565][INFO]: [40efb944764c66e26b09f4ee77c66600] RESPONSE FindElement {
   "element-6066-11e4-a52e-4f735466cecf": "f.9435B40B421CDC70E02DB773207B567B.d.5A6E7AA73C08FBD64A9B800F3F17496A.e.114"
}
[1711619346.574][INFO]: [40efb944764c66e26b09f4ee77c66600] COMMAND TypeElement {
   "id": "f.9435B40B421CDC70E02DB773207B567B.d.5A6E7AA73C08FBD64A9B800F3F17496A.e.114",
   "text": "del",
   "value": [ "d", "e", "l" ]
}
[1711619346.574][INFO]: Waiting for pending navigations...
[1711619346.575][INFO]: Done waiting for pending navigations. Status: ok
[1711619346.681][INFO]: Waiting for pending navigations...
[1711619346.686][INFO]: Done waiting for pending navigations. Status: ok
[1711619346.686][INFO]: [40efb944764c66e26b09f4ee77c66600] RESPONSE TypeElement
[1711619349.702][INFO]: [40efb944764c66e26b09f4ee77c66600] COMMAND FindElements {
   "using": "xpath",
   "value": "//ul[@role='listbox']/li"
}
[1711619349.702][INFO]: Waiting for pending navigations...
[1711619349.703][INFO]: Done waiting for pending navigations. Status: ok
[1711619349.718][INFO]: Waiting for pending navigations...
[1711619349.719][INFO]: Done waiting for pending navigations. Status: ok
[1711619349.719][INFO]: [40efb944764c66e26b09f4ee77c66600] RESPONSE FindElements [ {
   "element-6066-11e4-a52e-4f735466cecf": "f.9435B40B421CDC70E02DB773207B567B.d.5A6E7AA73C08FBD64A9B800F3F17496A.e.175"
}, {
   "element-6066-11e4-a52e-4f735466cecf": "f.9435B40B421CDC70E02DB773207B567B.d.5A6E7AA73C08FBD64A9B800F3F17496A.e.167"
}, {
   "element-6066-11e4-a52e-4f735466cecf": "f.9435B40B421CDC70E02DB773207B567B.d.5A6E7AA73C08FBD64A9B800F3F17496A.e.168"
}, {
   "element-6066-11e4-a52e-4f735466cecf": "f.9435B40B421CDC70E02DB773207B567B.d.5A6E7AA73C08FBD64A9B800F3F17496A.e.170"
}, {
   "element-6066-11e4-a52e-4f735466cecf": "f.9435B40B421CDC70E02DB773207B567B.d.5A6E7AA73C08FBD64A9B800F3F17496A.e.172"
}, {
   "element-6066-11e4-a52e-4f735466cecf": "f.9435B40B421CDC70E02DB773207B567B.d.5A6E7AA73C08FBD64A9B800F3F17496A.e.176"
}, {
   "element-6066-11e4-a52e-4f735466cecf": "f.9435B40B421CDC70E02DB773207B567B.d.5A6E7AA73C08FBD64A9B800F3F17496A.e.177"
}, {
   "element-6066-11e4-a52e-4f735466cecf": "f.9435B40B421CDC70E02DB773207B567B.d.5A6E7AA73C08FBD64A9B800F3F17496A.e.178"
}, {
   "element-6066-11e4-a52e-4f735466cecf": "f.9435B40B421CDC70E02DB773207B567B.d.5A6E7AA73C08FBD64A9B800F3F17496A.e.179"
}, {
   "element-6066-11e4-a52e-4f735466cecf": "f.9435B40B421CDC70E02DB773207B567B.d.5A6E7AA73C08FBD64A9B800F3F17496A.e.180"
}, {
   "element-6066-11e4-a52e-4f735466cecf": "f.9435B40B421CDC70E02DB773207B567B.d.5A6E7AA73C08FBD64A9B800F3F17496A.e.181"
}, {
   "element-6066-11e4-a52e-4f735466cecf": "f.9435B40B421CDC70E02DB773207B567B.d.5A6E7AA73C08FBD64A9B800F3F17496A.e.182"
}, {
   "element-6066-11e4-a52e-4f735466cecf": "f.9435B40B421CDC70E02DB773207B567B.d.5A6E7AA73C08FBD64A9B800F3F17496A.e.183"
}, {
   "element-6066-11e4-a52e-4f735466cecf": "f.9435B40B421CDC70E02DB773207B567B.d.5A6E7AA73C08FBD64A9B800F3F17496A.e.184"
}, {
   "element-6066-11e4-a52e-4f735466cecf": "f.9435B40B421CDC70E02DB773207B567B.d.5A6E7AA73C08FBD64A9B800F3F17496A.e.185"
}, {
   "element-6066-11e4-a52e-4f735466cecf": "f.9435B40B421CDC70E02DB773207B567B.d.5A6E7AA73C08FBD64A9B800F3F17496A.e.186"
} ]
[1711619349.729][INFO]: [40efb944764c66e26b09f4ee77c66600] COMMAND ClickElement {
   "id": "f.9435B40B421CDC70E02DB773207B567B.d.5A6E7AA73C08FBD64A9B800F3F17496A.e.175"
}
[1711619349.729][INFO]: Waiting for pending navigations...
[1711619349.730][INFO]: Done waiting for pending navigations. Status: ok
[1711619349.921][INFO]: Waiting for pending navigations...
[1711619349.927][INFO]: Done waiting for pending navigations. Status: ok
[1711619349.927][INFO]: [40efb944764c66e26b09f4ee77c66600] RESPONSE ClickElement
[1711619349.937][INFO]: [40efb944764c66e26b09f4ee77c66600] COMMAND FindElement {
   "using": "xpath",
   "value": "//div[@aria-label='Mon Apr 29 2024']"
}
[1711619349.937][INFO]: Waiting for pending navigations...
[1711619349.942][INFO]: Done waiting for pending navigations. Status: ok
[1711619349.960][INFO]: Waiting for pending navigations...
[1711619349.961][INFO]: Done waiting for pending navigations. Status: ok
[1711619349.961][INFO]: [40efb944764c66e26b09f4ee77c66600] RESPONSE FindElement {
   "element-6066-11e4-a52e-4f735466cecf": "f.9435B40B421CDC70E02DB773207B567B.d.5A6E7AA73C08FBD64A9B800F3F17496A.e.189"
}
[1711619349.975][INFO]: [40efb944764c66e26b09f4ee77c66600] COMMAND ClickElement {
   "id": "f.9435B40B421CDC70E02DB773207B567B.d.5A6E7AA73C08FBD64A9B800F3F17496A.e.189"
}
[1711619349.975][INFO]: Waiting for pending navigations...
[1711619349.977][INFO]: Done waiting for pending navigations. Status: ok
[1711619350.130][INFO]: Waiting for pending navigations...
[1711619350.140][INFO]: Done waiting for pending navigations. Status: ok
[1711619350.140][INFO]: [40efb944764c66e26b09f4ee77c66600] RESPONSE ClickElement
[1711619350.151][INFO]: [40efb944764c66e26b09f4ee77c66600] COMMAND FindElement {
   "using": "css selector",
   "value": "a.widgetSearchBtn"
}
[1711619350.151][INFO]: Waiting for pending navigations...
[1711619350.152][INFO]: Done waiting for pending navigations. Status: ok
[1711619350.166][INFO]: Waiting for pending navigations...
[1711619350.167][INFO]: Done waiting for pending navigations. Status: ok
[1711619350.167][INFO]: [40efb944764c66e26b09f4ee77c66600] RESPONSE FindElement {
   "element-6066-11e4-a52e-4f735466cecf": "f.9435B40B421CDC70E02DB773207B567B.d.5A6E7AA73C08FBD64A9B800F3F17496A.e.191"
}
[1711619350.174][INFO]: [40efb944764c66e26b09f4ee77c66600] COMMAND ClickElement {
   "id": "f.9435B40B421CDC70E02DB773207B567B.d.5A6E7AA73C08FBD64A9B800F3F17496A.e.191"
}
[1711619350.174][INFO]: Waiting for pending navigations...
[1711619350.175][INFO]: Done waiting for pending navigations. Status: ok
[1711619350.361][INFO]: Waiting for pending navigations...
[1711619375.919][INFO]: Done waiting for pending navigations. Status: ok
[1711619375.919][INFO]: [40efb944764c66e26b09f4ee77c66600] RESPONSE ClickElement
[1711619375.961][INFO]: [40efb944764c66e26b09f4ee77c66600] COMMAND FindElement {
   "using": "css selector",
   "value": "div.overlay"
}
[1711619375.961][INFO]: Waiting for pending navigations...
[1711619375.962][INFO]: Done waiting for pending navigations. Status: ok
[1711619375.982][INFO]: Waiting for pending navigations...
[1711619375.983][INFO]: Done waiting for pending navigations. Status: ok
[1711619375.984][INFO]: [40efb944764c66e26b09f4ee77c66600] RESPONSE FindElement {
   "element-6066-11e4-a52e-4f735466cecf": "f.9435B40B421CDC70E02DB773207B567B.d.83AFDB05F2B1B2EDFAE48EE71DF56DDD.e.346"
}
[1711619375.992][INFO]: [40efb944764c66e26b09f4ee77c66600] COMMAND FindElement {
   "using": "css selector",
   "value": "div.overlay span.overlayCrossIcon"
}
[1711619375.992][INFO]: Waiting for pending navigations...
[1711619375.993][INFO]: Done waiting for pending navigations. Status: ok
[1711619376.010][INFO]: Waiting for pending navigations...
[1711619376.012][INFO]: Done waiting for pending navigations. Status: ok
[1711619376.012][INFO]: [40efb944764c66e26b09f4ee77c66600] RESPONSE FindElement {
   "element-6066-11e4-a52e-4f735466cecf": "f.9435B40B421CDC70E02DB773207B567B.d.83AFDB05F2B1B2EDFAE48EE71DF56DDD.e.295"
}
[1711619376.019][INFO]: [40efb944764c66e26b09f4ee77c66600] COMMAND ClickElement {
   "id": "f.9435B40B421CDC70E02DB773207B567B.d.83AFDB05F2B1B2EDFAE48EE71DF56DDD.e.295"
}
[1711619376.019][INFO]: Waiting for pending navigations...
[1711619376.020][INFO]: Done waiting for pending navigations. Status: ok
[1711619376.224][INFO]: Waiting for pending navigations...
[1711619376.231][INFO]: Done waiting for pending navigations. Status: ok
[1711619376.231][INFO]: [40efb944764c66e26b09f4ee77c66600] RESPONSE ClickElement
[1711619376.238][INFO]: [40efb944764c66e26b09f4ee77c66600] COMMAND FindElements {
   "using": "css selector",
   "value": "div.listingRhs"
}
[1711619376.238][INFO]: Waiting for pending navigations...
[1711619376.244][INFO]: Done waiting for pending navigations. Status: ok
[1711619376.261][INFO]: Waiting for pending navigations...
[1711619376.267][INFO]: Done waiting for pending navigations. Status: ok
[1711619376.267][INFO]: [40efb944764c66e26b09f4ee77c66600] RESPONSE FindElements [ {
   "element-6066-11e4-a52e-4f735466cecf": "f.9435B40B421CDC70E02DB773207B567B.d.83AFDB05F2B1B2EDFAE48EE71DF56DDD.e.347"
} ]
[1711619376.274][INFO]: [40efb944764c66e26b09f4ee77c66600] COMMAND FindElements {
   "using": "css selector",
   "value": "div.listingCard div.priceSection div.blackText"
}
[1711619376.274][INFO]: Waiting for pending navigations...
[1711619376.275][INFO]: Done waiting for pending navigations. Status: ok
[1711619376.295][INFO]: Waiting for pending navigations...
[1711619376.297][INFO]: Done waiting for pending navigations. Status: ok
[1711619376.297][INFO]: [40efb944764c66e26b09f4ee77c66600] RESPONSE FindElements [ {
   "element-6066-11e4-a52e-4f735466cecf": "f.9435B40B421CDC70E02DB773207B567B.d.83AFDB05F2B1B2EDFAE48EE71DF56DDD.e.348"
}, {
   "element-6066-11e4-a52e-4f735466cecf": "f.9435B40B421CDC70E02DB773207B567B.d.83AFDB05F2B1B2EDFAE48EE71DF56DDD.e.349"
}, {
   "element-6066-11e4-a52e-4f735466cecf": "f.9435B40B421CDC70E02DB773207B567B.d.83AFDB05F2B1B2EDFAE48EE71DF56DDD.e.350"
}, {
   "element-6066-11e4-a52e-4f735466cecf": "f.9435B40B421CDC70E02DB773207B567B.d.83AFDB05F2B1B2EDFAE48EE71DF56DDD.e.351"
}, {
   "element-6066-11e4-a52e-4f735466cecf": "f.9435B40B421CDC70E02DB773207B567B.d.83AFDB05F2B1B2EDFAE48EE71DF56DDD.e.352"
}, {
   "element-6066-11e4-a52e-4f735466cecf": "f.9435B40B421CDC70E02DB773207B567B.d.83AFDB05F2B1B2EDFAE48EE71DF56DDD.e.353"
}, {
   "element-6066-11e4-a52e-4f735466cecf": "f.9435B40B421CDC70E02DB773207B567B.d.83AFDB05F2B1B2EDFAE48EE71DF56DDD.e.354"
}, {
   "element-6066-11e4-a52e-4f735466cecf": "f.9435B40B421CDC70E02DB773207B567B.d.83AFDB05F2B1B2EDFAE48EE71DF56DDD.e.355"
}, {
   "element-6066-11e4-a52e-4f735466cecf": "f.9435B40B421CDC70E02DB773207B567B.d.83AFDB05F2B1B2EDFAE48EE71DF56DDD.e.356"
}, {
   "element-6066-11e4-a52e-4f735466cecf": "f.9435B40B421CDC70E02DB773207B567B.d.83AFDB05F2B1B2EDFAE48EE71DF56DDD.e.357"
}, {
   "element-6066-11e4-a52e-4f735466cecf": "f.9435B40B421CDC70E02DB773207B567B.d.83AFDB05F2B1B2EDFAE48EE71DF56DDD.e.358"
}, {
   "element-6066-11e4-a52e-4f735466cecf": "f.9435B40B421CDC70E02DB773207B567B.d.83AFDB05F2B1B2EDFAE48EE71DF56DDD.e.359"
}, {
   "element-6066-11e4-a52e-4f735466cecf": "f.9435B40B421CDC70E02DB773207B567B.d.83AFDB05F2B1B2EDFAE48EE71DF56DDD.e.360"
}, {
   "element-6066-11e4-a52e-4f735466cecf": "f.9435B40B421CDC70E02DB773207B567B.d.83AFDB05F2B1B2EDFAE48EE71DF56DDD.e.361"
}, {
   "element-6066-11e4-a52e-4f735466cecf": "f.9435B40B421CDC70E02DB773207B567B.d.83AFDB05F2B1B2EDFAE48EE71DF56DDD.e.362"
}, {
   "element-6066-11e4-a52e-4f735466cecf": "f.9435B40B421CDC70E02DB773207B567B.d.83AFDB05F2B1B2EDFAE48EE71DF56DDD.e.363"
}, {
   "element-6066-11e4-a52e-4f735466cecf": "f.9435B40B421CDC70E02DB773207B567B.d.83AFDB05F2B1B2EDFAE48EE71DF56DDD.e.364"
}, {
   "element-6066-11e4-a52e-4f735466cecf": "f.9435B40B421CDC70E02DB773207B567B.d.83AFDB05F2B1B2EDFAE48EE71DF56DDD.e.365"
}, {
   "element-6066-11e4-a52e-4f735466cecf": "f.9435B40B421CDC70E02DB773207B567B.d.83AFDB05F2B1B2EDFAE48EE71DF56DDD.e.366"
}, "..." ]
[1711619376.308][INFO]: [40efb944764c66e26b09f4ee77c66600] COMMAND GetElementText {
   "id": "f.9435B40B421CDC70E02DB773207B567B.d.83AFDB05F2B1B2EDFAE48EE71DF56DDD.e.348"
}
[1711619376.308][INFO]: Waiting for pending navigations...
[1711619376.310][INFO]: Done waiting for pending navigations. Status: ok
[1711619376.333][INFO]: Waiting for pending navigations...
[1711619376.335][INFO]: Done waiting for pending navigations. Status: ok
[1711619376.335][INFO]: [40efb944764c66e26b09f4ee77c66600] RESPONSE GetElementText "₹ 6,500\nper adult"
[1711619376.342][INFO]: [40efb944764c66e26b09f4ee77c66600] COMMAND GetElementText {
   "id": "f.9435B40B421CDC70E02DB773207B567B.d.83AFDB05F2B1B2EDFAE48EE71DF56DDD.e.349"
}
[1711619376.342][INFO]: Waiting for pending navigations...
[1711619376.343][INFO]: Done waiting for pending navigations. Status: ok
[1711619376.356][INFO]: Waiting for pending navigations...
[1711619376.404][INFO]: Done waiting for pending navigations. Status: ok
[1711619376.404][INFO]: [40efb944764c66e26b09f4ee77c66600] RESPONSE GetElementText "₹ 7,088\nper adult"
[1711619376.414][INFO]: [40efb944764c66e26b09f4ee77c66600] COMMAND GetElementText {
   "id": "f.9435B40B421CDC70E02DB773207B567B.d.83AFDB05F2B1B2EDFAE48EE71DF56DDD.e.350"
}
[1711619376.414][INFO]: Waiting for pending navigations...
[1711619376.416][INFO]: Done waiting for pending navigations. Status: ok
[1711619376.431][INFO]: Waiting for pending navigations...
[1711619376.433][INFO]: Done waiting for pending navigations. Status: ok
[1711619376.433][INFO]: [40efb944764c66e26b09f4ee77c66600] RESPONSE GetElementText "₹ 7,088\nper adult"
[1711619376.438][INFO]: [40efb944764c66e26b09f4ee77c66600] COMMAND GetElementText {
   "id": "f.9435B40B421CDC70E02DB773207B567B.d.83AFDB05F2B1B2EDFAE48EE71DF56DDD.e.351"
}
[1711619376.438][INFO]: Waiting for pending navigations...
[1711619376.441][INFO]: Done waiting for pending navigations. Status: ok
[1711619376.465][INFO]: Waiting for pending navigations...
[1711619376.466][INFO]: Done waiting for pending navigations. Status: ok
[1711619376.466][INFO]: [40efb944764c66e26b09f4ee77c66600] RESPONSE GetElementText "₹ 7,088\nper adult"
[1711619376.476][INFO]: [40efb944764c66e26b09f4ee77c66600] COMMAND GetElementText {
   "id": "f.9435B40B421CDC70E02DB773207B567B.d.83AFDB05F2B1B2EDFAE48EE71DF56DDD.e.352"
}
[1711619376.476][INFO]: Waiting for pending navigations...
[1711619376.477][INFO]: Done waiting for pending navigations. Status: ok
[1711619376.493][INFO]: Waiting for pending navigations...
[1711619376.494][INFO]: Done waiting for pending navigations. Status: ok
[1711619376.494][INFO]: [40efb944764c66e26b09f4ee77c66600] RESPONSE GetElementText "₹ 7,088\nper adult"
[1711619376.497][INFO]: [40efb944764c66e26b09f4ee77c66600] COMMAND GetElementText {
   "id": "f.9435B40B421CDC70E02DB773207B567B.d.83AFDB05F2B1B2EDFAE48EE71DF56DDD.e.353"
}
[1711619376.497][INFO]: Waiting for pending navigations...
[1711619376.498][INFO]: Done waiting for pending navigations. Status: ok
[1711619376.510][INFO]: Waiting for pending navigations...
[1711619376.511][INFO]: Done waiting for pending navigations. Status: ok
[1711619376.511][INFO]: [40efb944764c66e26b09f4ee77c66600] RESPONSE GetElementText "₹ 7,088\nper adult"
[1711619376.514][INFO]: [40efb944764c66e26b09f4ee77c66600] COMMAND GetElementText {
   "id": "f.9435B40B421CDC70E02DB773207B567B.d.83AFDB05F2B1B2EDFAE48EE71DF56DDD.e.354"
}
[1711619376.514][INFO]: Waiting for pending navigations...
[1711619376.515][INFO]: Done waiting for pending navigations. Status: ok
[1711619376.530][INFO]: Waiting for pending navigations...
[1711619376.531][INFO]: Done waiting for pending navigations. Status: ok
[1711619376.531][INFO]: [40efb944764c66e26b09f4ee77c66600] RESPONSE GetElementText "₹ 7,088\nper adult"
[1711619376.541][INFO]: [40efb944764c66e26b09f4ee77c66600] COMMAND GetElementText {
   "id": "f.9435B40B421CDC70E02DB773207B567B.d.83AFDB05F2B1B2EDFAE48EE71DF56DDD.e.355"
}
[1711619376.541][INFO]: Waiting for pending navigations...
[1711619376.543][INFO]: Done waiting for pending navigations. Status: ok
[1711619376.557][INFO]: Waiting for pending navigations...
[1711619376.560][INFO]: Done waiting for pending navigations. Status: ok
[1711619376.560][INFO]: [40efb944764c66e26b09f4ee77c66600] RESPONSE GetElementText "₹ 7,088\nper adult"
[1711619376.568][INFO]: [40efb944764c66e26b09f4ee77c66600] COMMAND GetElementText {
   "id": "f.9435B40B421CDC70E02DB773207B567B.d.83AFDB05F2B1B2EDFAE48EE71DF56DDD.e.356"
}
[1711619376.568][INFO]: Waiting for pending navigations...
[1711619376.588][INFO]: Done waiting for pending navigations. Status: ok
[1711619376.597][INFO]: Waiting for pending navigations...
[1711619376.598][INFO]: Done waiting for pending navigations. Status: ok
[1711619376.598][INFO]: [40efb944764c66e26b09f4ee77c66600] RESPONSE GetElementText "₹ 7,119\nper adult"
[1711619376.602][INFO]: [40efb944764c66e26b09f4ee77c66600] COMMAND GetElementText {
   "id": "f.9435B40B421CDC70E02DB773207B567B.d.83AFDB05F2B1B2EDFAE48EE71DF56DDD.e.357"
}
[1711619376.602][INFO]: Waiting for pending navigations...
[1711619376.603][INFO]: Done waiting for pending navigations. Status: ok
[1711619376.613][INFO]: Waiting for pending navigations...
[1711619376.720][INFO]: Done waiting for pending navigations. Status: ok
[1711619376.721][INFO]: [40efb944764c66e26b09f4ee77c66600] RESPONSE GetElementText "₹ 7,119\nper adult"
[1711619376.727][INFO]: [40efb944764c66e26b09f4ee77c66600] COMMAND GetElementText {
   "id": "f.9435B40B421CDC70E02DB773207B567B.d.83AFDB05F2B1B2EDFAE48EE71DF56DDD.e.358"
}
[1711619376.727][INFO]: Waiting for pending navigations...
[1711619376.728][INFO]: Done waiting for pending navigations. Status: ok
[1711619376.743][INFO]: Waiting for pending navigations...
[1711619376.744][INFO]: Done waiting for pending navigations. Status: ok
[1711619376.744][INFO]: [40efb944764c66e26b09f4ee77c66600] RESPONSE GetElementText "₹ 7,358\nper adult"
[1711619376.749][INFO]: [40efb944764c66e26b09f4ee77c66600] COMMAND GetElementText {
   "id": "f.9435B40B421CDC70E02DB773207B567B.d.83AFDB05F2B1B2EDFAE48EE71DF56DDD.e.359"
}
[1711619376.749][INFO]: Waiting for pending navigations...
[1711619376.750][INFO]: Done waiting for pending navigations. Status: ok
[1711619376.761][INFO]: Waiting for pending navigations...
[1711619376.762][INFO]: Done waiting for pending navigations. Status: ok
[1711619376.762][INFO]: [40efb944764c66e26b09f4ee77c66600] RESPONSE GetElementText "₹ 7,445\nper adult"
[1711619376.766][INFO]: [40efb944764c66e26b09f4ee77c66600] COMMAND GetElementText {
   "id": "f.9435B40B421CDC70E02DB773207B567B.d.83AFDB05F2B1B2EDFAE48EE71DF56DDD.e.360"
}
[1711619376.766][INFO]: Waiting for pending navigations...
[1711619376.767][INFO]: Done waiting for pending navigations. Status: ok
[1711619376.776][INFO]: Waiting for pending navigations...
[1711619376.776][INFO]: Done waiting for pending navigations. Status: ok
[1711619376.776][INFO]: [40efb944764c66e26b09f4ee77c66600] RESPONSE GetElementText "₹ 7,445\nper adult"
[1711619376.781][INFO]: [40efb944764c66e26b09f4ee77c66600] COMMAND GetElementText {
   "id": "f.9435B40B421CDC70E02DB773207B567B.d.83AFDB05F2B1B2EDFAE48EE71DF56DDD.e.361"
}
[1711619376.781][INFO]: Waiting for pending navigations...
[1711619376.782][INFO]: Done waiting for pending navigations. Status: ok
[1711619376.791][INFO]: Waiting for pending navigations...
[1711619376.792][INFO]: Done waiting for pending navigations. Status: ok
[1711619376.792][INFO]: [40efb944764c66e26b09f4ee77c66600] RESPONSE GetElementText "₹ 7,445\nper adult"
[1711619376.797][INFO]: [40efb944764c66e26b09f4ee77c66600] COMMAND GetElementText {
   "id": "f.9435B40B421CDC70E02DB773207B567B.d.83AFDB05F2B1B2EDFAE48EE71DF56DDD.e.362"
}
[1711619376.797][INFO]: Waiting for pending navigations...
[1711619376.798][INFO]: Done waiting for pending navigations. Status: ok
[1711619376.810][INFO]: Waiting for pending navigations...
[1711619376.811][INFO]: Done waiting for pending navigations. Status: ok
[1711619376.811][INFO]: [40efb944764c66e26b09f4ee77c66600] RESPONSE GetElementText "₹ 7,445\nper adult"
[1711619376.815][INFO]: [40efb944764c66e26b09f4ee77c66600] COMMAND GetElementText {
   "id": "f.9435B40B421CDC70E02DB773207B567B.d.83AFDB05F2B1B2EDFAE48EE71DF56DDD.e.363"
}
[1711619376.815][INFO]: Waiting for pending navigations...
[1711619376.817][INFO]: Done waiting for pending navigations. Status: ok
[1711619376.829][INFO]: Waiting for pending navigations...
[1711619376.829][INFO]: Done waiting for pending navigations. Status: ok
[1711619376.829][INFO]: [40efb944764c66e26b09f4ee77c66600] RESPONSE GetElementText "₹ 7,445\nper adult"
[1711619376.834][INFO]: [40efb944764c66e26b09f4ee77c66600] COMMAND GetElementText {
   "id": "f.9435B40B421CDC70E02DB773207B567B.d.83AFDB05F2B1B2EDFAE48EE71DF56DDD.e.364"
}
[1711619376.834][INFO]: Waiting for pending navigations...
[1711619376.836][INFO]: Done waiting for pending navigations. Status: ok
[1711619376.847][INFO]: Waiting for pending navigations...
[1711619376.848][INFO]: Done waiting for pending navigations. Status: ok
[1711619376.848][INFO]: [40efb944764c66e26b09f4ee77c66600] RESPONSE GetElementText "₹ 7,445\nper adult"
[1711619376.853][INFO]: [40efb944764c66e26b09f4ee77c66600] COMMAND GetElementText {
   "id": "f.9435B40B421CDC70E02DB773207B567B.d.83AFDB05F2B1B2EDFAE48EE71DF56DDD.e.365"
}
[1711619376.853][INFO]: Waiting for pending navigations...
[1711619376.855][INFO]: Done waiting for pending navigations. Status: ok
[1711619376.866][INFO]: Waiting for pending navigations...
[1711619376.867][INFO]: Done waiting for pending navigations. Status: ok
[1711619376.867][INFO]: [40efb944764c66e26b09f4ee77c66600] RESPONSE GetElementText "₹ 7,463\nper adult"
[1711619376.873][INFO]: [40efb944764c66e26b09f4ee77c66600] COMMAND GetElementText {
   "id": "f.9435B40B421CDC70E02DB773207B567B.d.83AFDB05F2B1B2EDFAE48EE71DF56DDD.e.366"
}
[1711619376.873][INFO]: Waiting for pending navigations...
[1711619376.877][INFO]: Done waiting for pending navigations. Status: ok
[1711619376.894][INFO]: Waiting for pending navigations...
[1711619376.895][INFO]: Done waiting for pending navigations. Status: ok
[1711619376.895][INFO]: [40efb944764c66e26b09f4ee77c66600] RESPONSE GetElementText "₹ 7,511\nper adult"
[1711619376.900][INFO]: [40efb944764c66e26b09f4ee77c66600] COMMAND GetElementText {
   "id": "f.9435B40B421CDC70E02DB773207B567B.d.83AFDB05F2B1B2EDFAE48EE71DF56DDD.e.367"
}
[1711619376.900][INFO]: Waiting for pending navigations...
[1711619376.901][INFO]: Done waiting for pending navigations. Status: ok
[1711619376.914][INFO]: Waiting for pending navigations...
[1711619376.915][INFO]: Done waiting for pending navigations. Status: ok
[1711619376.915][INFO]: [40efb944764c66e26b09f4ee77c66600] RESPONSE GetElementText "₹ 7,532\nper adult"
[1711619376.920][INFO]: [40efb944764c66e26b09f4ee77c66600] COMMAND GetElementText {
   "id": "f.9435B40B421CDC70E02DB773207B567B.d.83AFDB05F2B1B2EDFAE48EE71DF56DDD.e.368"
}
[1711619376.920][INFO]: Waiting for pending navigations...
[1711619376.921][INFO]: Done waiting for pending navigations. Status: ok
[1711619376.935][INFO]: Waiting for pending navigations...
[1711619376.936][INFO]: Done waiting for pending navigations. Status: ok
[1711619376.936][INFO]: [40efb944764c66e26b09f4ee77c66600] RESPONSE GetElementText "₹ 7,540\nper adult"
[1711619376.944][INFO]: [40efb944764c66e26b09f4ee77c66600] COMMAND GetElementText {
   "id": "f.9435B40B421CDC70E02DB773207B567B.d.83AFDB05F2B1B2EDFAE48EE71DF56DDD.e.369"
}
[1711619376.944][INFO]: Waiting for pending navigations...
[1711619376.945][INFO]: Done waiting for pending navigations. Status: ok
[1711619376.957][INFO]: Waiting for pending navigations...
[1711619376.959][INFO]: Done waiting for pending navigations. Status: ok
[1711619376.959][INFO]: [40efb944764c66e26b09f4ee77c66600] RESPONSE GetElementText "₹ 7,540\nper adult"
[1711619376.964][INFO]: [40efb944764c66e26b09f4ee77c66600] COMMAND GetElementText {
   "id": "f.9435B40B421CDC70E02DB773207B567B.d.83AFDB05F2B1B2EDFAE48EE71DF56DDD.e.370"
}
[1711619376.964][INFO]: Waiting for pending navigations...
[1711619376.966][INFO]: Done waiting for pending navigations. Status: ok
[1711619376.977][INFO]: Waiting for pending navigations...
[1711619376.978][INFO]: Done waiting for pending navigations. Status: ok
[1711619376.978][INFO]: [40efb944764c66e26b09f4ee77c66600] RESPONSE GetElementText "₹ 7,830\nper adult"
[1711619376.983][INFO]: [40efb944764c66e26b09f4ee77c66600] COMMAND GetElementText {
   "id": "f.9435B40B421CDC70E02DB773207B567B.d.83AFDB05F2B1B2EDFAE48EE71DF56DDD.e.371"
}
[1711619376.983][INFO]: Waiting for pending navigations...
[1711619376.984][INFO]: Done waiting for pending navigations. Status: ok
[1711619376.995][INFO]: Waiting for pending navigations...
[1711619376.996][INFO]: Done waiting for pending navigations. Status: ok
[1711619376.996][INFO]: [40efb944764c66e26b09f4ee77c66600] RESPONSE GetElementText "₹ 7,830\nper adult"
[1711619377.000][INFO]: [40efb944764c66e26b09f4ee77c66600] COMMAND GetElementText {
   "id": "f.9435B40B421CDC70E02DB773207B567B.d.83AFDB05F2B1B2EDFAE48EE71DF56DDD.e.372"
}
[1711619377.000][INFO]: Waiting for pending navigations...
[1711619377.002][INFO]: Done waiting for pending navigations. Status: ok
[1711619377.013][INFO]: Waiting for pending navigations...
[1711619377.015][INFO]: Done waiting for pending navigations. Status: ok
[1711619377.015][INFO]: [40efb944764c66e26b09f4ee77c66600] RESPONSE GetElementText "₹ 7,839\nper adult"
[1711619377.019][INFO]: [40efb944764c66e26b09f4ee77c66600] COMMAND GetElementText {
   "id": "f.9435B40B421CDC70E02DB773207B567B.d.83AFDB05F2B1B2EDFAE48EE71DF56DDD.e.373"
}
[1711619377.019][INFO]: Waiting for pending navigations...
[1711619377.021][INFO]: Done waiting for pending navigations. Status: ok
[1711619377.034][INFO]: Waiting for pending navigations...
[1711619377.035][INFO]: Done waiting for pending navigations. Status: ok
[1711619377.035][INFO]: [40efb944764c66e26b09f4ee77c66600] RESPONSE GetElementText "₹ 7,863\nper adult"
[1711619377.039][INFO]: [40efb944764c66e26b09f4ee77c66600] COMMAND GetElementText {
   "id": "f.9435B40B421CDC70E02DB773207B567B.d.83AFDB05F2B1B2EDFAE48EE71DF56DDD.e.374"
}
[1711619377.039][INFO]: Waiting for pending navigations...
[1711619377.041][INFO]: Done waiting for pending navigations. Status: ok
[1711619377.055][INFO]: Waiting for pending navigations...
[1711619377.056][INFO]: Done waiting for pending navigations. Status: ok
[1711619377.056][INFO]: [40efb944764c66e26b09f4ee77c66600] RESPONSE GetElementText "₹ 7,865\nper adult"
[1711619377.062][INFO]: [40efb944764c66e26b09f4ee77c66600] COMMAND GetElementText {
   "id": "f.9435B40B421CDC70E02DB773207B567B.d.83AFDB05F2B1B2EDFAE48EE71DF56DDD.e.375"
}
[1711619377.062][INFO]: Waiting for pending navigations...
[1711619377.063][INFO]: Done waiting for pending navigations. Status: ok
[1711619377.075][INFO]: Waiting for pending navigations...
[1711619377.076][INFO]: Done waiting for pending navigations. Status: ok
[1711619377.076][INFO]: [40efb944764c66e26b09f4ee77c66600] RESPONSE GetElementText "₹ 7,865\nper adult"
[1711619377.081][INFO]: [40efb944764c66e26b09f4ee77c66600] COMMAND GetElementText {
   "id": "f.9435B40B421CDC70E02DB773207B567B.d.83AFDB05F2B1B2EDFAE48EE71DF56DDD.e.376"
}
[1711619377.081][INFO]: Waiting for pending navigations...
[1711619377.082][INFO]: Done waiting for pending navigations. Status: ok
[1711619377.094][INFO]: Waiting for pending navigations...
[1711619377.095][INFO]: Done waiting for pending navigations. Status: ok
[1711619377.095][INFO]: [40efb944764c66e26b09f4ee77c66600] RESPONSE GetElementText "₹ 7,883\nper adult"
[1711619377.099][INFO]: [40efb944764c66e26b09f4ee77c66600] COMMAND GetElementText {
   "id": "f.9435B40B421CDC70E02DB773207B567B.d.83AFDB05F2B1B2EDFAE48EE71DF56DDD.e.377"
}
[1711619377.099][INFO]: Waiting for pending navigations...
[1711619377.101][INFO]: Done waiting for pending navigations. Status: ok
[1711619377.112][INFO]: Waiting for pending navigations...
[1711619377.113][INFO]: Done waiting for pending navigations. Status: ok
[1711619377.113][INFO]: [40efb944764c66e26b09f4ee77c66600] RESPONSE GetElementText "₹ 7,883\nper adult"
[1711619377.118][INFO]: [40efb944764c66e26b09f4ee77c66600] COMMAND GetElementText {
   "id": "f.9435B40B421CDC70E02DB773207B567B.d.83AFDB05F2B1B2EDFAE48EE71DF56DDD.e.378"
}
[1711619377.118][INFO]: Waiting for pending navigations...
[1711619377.119][INFO]: Done waiting for pending navigations. Status: ok
[1711619377.131][INFO]: Waiting for pending navigations...
[1711619377.131][INFO]: Done waiting for pending navigations. Status: ok
[1711619377.131][INFO]: [40efb944764c66e26b09f4ee77c66600] RESPONSE GetElementText "₹ 7,899\nper adult"
[1711619377.135][INFO]: [40efb944764c66e26b09f4ee77c66600] COMMAND GetElementText {
   "id": "f.9435B40B421CDC70E02DB773207B567B.d.83AFDB05F2B1B2EDFAE48EE71DF56DDD.e.379"
}
[1711619377.135][INFO]: Waiting for pending navigations...
[1711619377.137][INFO]: Done waiting for pending navigations. Status: ok
[1711619377.148][INFO]: Waiting for pending navigations...
[1711619377.149][INFO]: Done waiting for pending navigations. Status: ok
[1711619377.149][INFO]: [40efb944764c66e26b09f4ee77c66600] RESPONSE GetElementText "₹ 7,899\nper adult"
[1711619377.153][INFO]: [40efb944764c66e26b09f4ee77c66600] COMMAND GetElementText {
   "id": "f.9435B40B421CDC70E02DB773207B567B.d.83AFDB05F2B1B2EDFAE48EE71DF56DDD.e.380"
}
[1711619377.153][INFO]: Waiting for pending navigations...
[1711619377.156][INFO]: Done waiting for pending navigations. Status: ok
[1711619377.169][INFO]: Waiting for pending navigations...
[1711619377.170][INFO]: Done waiting for pending navigations. Status: ok
[1711619377.170][INFO]: [40efb944764c66e26b09f4ee77c66600] RESPONSE GetElementText "₹ 7,899\nper adult"
[1711619377.173][INFO]: [40efb944764c66e26b09f4ee77c66600] COMMAND GetElementText {
   "id": "f.9435B40B421CDC70E02DB773207B567B.d.83AFDB05F2B1B2EDFAE48EE71DF56DDD.e.381"
}
[1711619377.174][INFO]: Waiting for pending navigations...
[1711619377.175][INFO]: Done waiting for pending navigations. Status: ok
[1711619377.189][INFO]: Waiting for pending navigations...
[1711619377.190][INFO]: Done waiting for pending navigations. Status: ok
[1711619377.190][INFO]: [40efb944764c66e26b09f4ee77c66600] RESPONSE GetElementText "₹ 7,899\nper adult"
[1711619377.195][INFO]: [40efb944764c66e26b09f4ee77c66600] COMMAND GetElementText {
   "id": "f.9435B40B421CDC70E02DB773207B567B.d.83AFDB05F2B1B2EDFAE48EE71DF56DDD.e.382"
}
[1711619377.195][INFO]: Waiting for pending navigations...
[1711619377.196][INFO]: Done waiting for pending navigations. Status: ok
[1711619377.209][INFO]: Waiting for pending navigations...
[1711619377.210][INFO]: Done waiting for pending navigations. Status: ok
[1711619377.210][INFO]: [40efb944764c66e26b09f4ee77c66600] RESPONSE GetElementText "₹ 7,899\nper adult"
[1711619377.215][INFO]: [40efb944764c66e26b09f4ee77c66600] COMMAND GetElementText {
   "id": "f.9435B40B421CDC70E02DB773207B567B.d.83AFDB05F2B1B2EDFAE48EE71DF56DDD.e.383"
}
[1711619377.215][INFO]: Waiting for pending navigations...
[1711619377.217][INFO]: Done waiting for pending navigations. Status: ok
[1711619377.233][INFO]: Waiting for pending navigations...
[1711619377.234][INFO]: Done waiting for pending navigations. Status: ok
[1711619377.234][INFO]: [40efb944764c66e26b09f4ee77c66600] RESPONSE GetElementText "₹ 7,899\nper adult"
[1711619377.243][INFO]: [40efb944764c66e26b09f4ee77c66600] COMMAND GetElementText {
   "id": "f.9435B40B421CDC70E02DB773207B567B.d.83AFDB05F2B1B2EDFAE48EE71DF56DDD.e.384"
}
[1711619377.243][INFO]: Waiting for pending navigations...
[1711619377.244][INFO]: Done waiting for pending navigations. Status: ok
[1711619377.255][INFO]: Waiting for pending navigations...
[1711619377.257][INFO]: Done waiting for pending navigations. Status: ok
[1711619377.257][INFO]: [40efb944764c66e26b09f4ee77c66600] RESPONSE GetElementText "₹ 7,899\nper adult"
[1711619377.262][INFO]: [40efb944764c66e26b09f4ee77c66600] COMMAND GetElementText {
   "id": "f.9435B40B421CDC70E02DB773207B567B.d.83AFDB05F2B1B2EDFAE48EE71DF56DDD.e.385"
}
[1711619377.262][INFO]: Waiting for pending navigations...
[1711619377.263][INFO]: Done waiting for pending navigations. Status: ok
[1711619377.274][INFO]: Waiting for pending navigations...
[1711619377.275][INFO]: Done waiting for pending navigations. Status: ok
[1711619377.275][INFO]: [40efb944764c66e26b09f4ee77c66600] RESPONSE GetElementText "₹ 7,899\nper adult"
[1711619377.278][INFO]: [40efb944764c66e26b09f4ee77c66600] COMMAND GetElementText {
   "id": "f.9435B40B421CDC70E02DB773207B567B.d.83AFDB05F2B1B2EDFAE48EE71DF56DDD.e.386"
}
[1711619377.278][INFO]: Waiting for pending navigations...
[1711619377.280][INFO]: Done waiting for pending navigations. Status: ok
[1711619377.291][INFO]: Waiting for pending navigations...
[1711619377.292][INFO]: Done waiting for pending navigations. Status: ok
[1711619377.292][INFO]: [40efb944764c66e26b09f4ee77c66600] RESPONSE GetElementText "₹ 7,899\nper adult"
[1711619377.297][INFO]: [40efb944764c66e26b09f4ee77c66600] COMMAND GetElementText {
   "id": "f.9435B40B421CDC70E02DB773207B567B.d.83AFDB05F2B1B2EDFAE48EE71DF56DDD.e.387"
}
[1711619377.297][INFO]: Waiting for pending navigations...
[1711619377.298][INFO]: Done waiting for pending navigations. Status: ok
[1711619377.309][INFO]: Waiting for pending navigations...
[1711619377.310][INFO]: Done waiting for pending navigations. Status: ok
[1711619377.310][INFO]: [40efb944764c66e26b09f4ee77c66600] RESPONSE GetElementText "₹ 7,925\nper adult"
[1711619377.315][INFO]: [40efb944764c66e26b09f4ee77c66600] COMMAND GetElementText {
   "id": "f.9435B40B421CDC70E02DB773207B567B.d.83AFDB05F2B1B2EDFAE48EE71DF56DDD.e.388"
}
[1711619377.315][INFO]: Waiting for pending navigations...
[1711619377.316][INFO]: Done waiting for pending navigations. Status: ok
[1711619377.327][INFO]: Waiting for pending navigations...
[1711619377.328][INFO]: Done waiting for pending navigations. Status: ok
[1711619377.328][INFO]: [40efb944764c66e26b09f4ee77c66600] RESPONSE GetElementText "₹ 8,162\nper adult"
[1711619377.333][INFO]: [40efb944764c66e26b09f4ee77c66600] COMMAND GetElementText {
   "id": "f.9435B40B421CDC70E02DB773207B567B.d.83AFDB05F2B1B2EDFAE48EE71DF56DDD.e.389"
}
[1711619377.333][INFO]: Waiting for pending navigations...
[1711619377.335][INFO]: Done waiting for pending navigations. Status: ok
[1711619377.350][INFO]: Waiting for pending navigations...
[1711619377.351][INFO]: Done waiting for pending navigations. Status: ok
[1711619377.351][INFO]: [40efb944764c66e26b09f4ee77c66600] RESPONSE GetElementText "₹ 8,284\nper adult"
[1711619377.361][INFO]: [40efb944764c66e26b09f4ee77c66600] COMMAND GetElementText {
   "id": "f.9435B40B421CDC70E02DB773207B567B.d.83AFDB05F2B1B2EDFAE48EE71DF56DDD.e.390"
}
[1711619377.361][INFO]: Waiting for pending navigations...
[1711619377.362][INFO]: Done waiting for pending navigations. Status: ok
[1711619377.372][INFO]: Waiting for pending navigations...
[1711619377.374][INFO]: Done waiting for pending navigations. Status: ok
[1711619377.374][INFO]: [40efb944764c66e26b09f4ee77c66600] RESPONSE GetElementText "₹ 8,285\nper adult"
[1711619377.378][INFO]: [40efb944764c66e26b09f4ee77c66600] COMMAND GetElementText {
   "id": "f.9435B40B421CDC70E02DB773207B567B.d.83AFDB05F2B1B2EDFAE48EE71DF56DDD.e.391"
}
[1711619377.378][INFO]: Waiting for pending navigations...
[1711619377.380][INFO]: Done waiting for pending navigations. Status: ok
[1711619377.390][INFO]: Waiting for pending navigations...
[1711619377.391][INFO]: Done waiting for pending navigations. Status: ok
[1711619377.391][INFO]: [40efb944764c66e26b09f4ee77c66600] RESPONSE GetElementText "₹ 8,285\nper adult"
[1711619377.396][INFO]: [40efb944764c66e26b09f4ee77c66600] COMMAND GetElementText {
   "id": "f.9435B40B421CDC70E02DB773207B567B.d.83AFDB05F2B1B2EDFAE48EE71DF56DDD.e.392"
}
[1711619377.396][INFO]: Waiting for pending navigations...
[1711619377.398][INFO]: Done waiting for pending navigations. Status: ok
[1711619377.409][INFO]: Waiting for pending navigations...
[1711619377.410][INFO]: Done waiting for pending navigations. Status: ok
[1711619377.410][INFO]: [40efb944764c66e26b09f4ee77c66600] RESPONSE GetElementText "₹ 8,427\nper adult"
[1711619377.414][INFO]: [40efb944764c66e26b09f4ee77c66600] COMMAND GetElementText {
   "id": "f.9435B40B421CDC70E02DB773207B567B.d.83AFDB05F2B1B2EDFAE48EE71DF56DDD.e.393"
}
[1711619377.414][INFO]: Waiting for pending navigations...
[1711619377.415][INFO]: Done waiting for pending navigations. Status: ok
[1711619377.428][INFO]: Waiting for pending navigations...
[1711619377.429][INFO]: Done waiting for pending navigations. Status: ok
[1711619377.429][INFO]: [40efb944764c66e26b09f4ee77c66600] RESPONSE GetElementText "₹ 8,687\nper adult"
[1711619377.432][INFO]: [40efb944764c66e26b09f4ee77c66600] COMMAND GetElementText {
   "id": "f.9435B40B421CDC70E02DB773207B567B.d.83AFDB05F2B1B2EDFAE48EE71DF56DDD.e.394"
}
[1711619377.433][INFO]: Waiting for pending navigations...
[1711619377.434][INFO]: Done waiting for pending navigations. Status: ok
[1711619377.446][INFO]: Waiting for pending navigations...
[1711619377.449][INFO]: Done waiting for pending navigations. Status: ok
[1711619377.449][INFO]: [40efb944764c66e26b09f4ee77c66600] RESPONSE GetElementText "₹ 9,123\nper adult"
[1711619377.453][INFO]: [40efb944764c66e26b09f4ee77c66600] COMMAND GetElementText {
   "id": "f.9435B40B421CDC70E02DB773207B567B.d.83AFDB05F2B1B2EDFAE48EE71DF56DDD.e.395"
}
[1711619377.453][INFO]: Waiting for pending navigations...
[1711619377.454][INFO]: Done waiting for pending navigations. Status: ok
[1711619377.466][INFO]: Waiting for pending navigations...
[1711619377.467][INFO]: Done waiting for pending navigations. Status: ok
[1711619377.467][INFO]: [40efb944764c66e26b09f4ee77c66600] RESPONSE GetElementText "₹ 9,430\nper adult"
[1711619377.473][INFO]: [40efb944764c66e26b09f4ee77c66600] COMMAND FindElement {
   "using": "css selector",
   "value": "li.menu_Trains"
}
[1711619377.473][INFO]: Waiting for pending navigations...
[1711619377.474][INFO]: Done waiting for pending navigations. Status: ok
[1711619377.486][INFO]: Waiting for pending navigations...
[1711619377.488][INFO]: Done waiting for pending navigations. Status: ok
[1711619377.488][INFO]: [40efb944764c66e26b09f4ee77c66600] RESPONSE FindElement {
   "element-6066-11e4-a52e-4f735466cecf": "f.9435B40B421CDC70E02DB773207B567B.d.83AFDB05F2B1B2EDFAE48EE71DF56DDD.e.266"
}
[1711619377.493][INFO]: [40efb944764c66e26b09f4ee77c66600] COMMAND ClickElement {
   "id": "f.9435B40B421CDC70E02DB773207B567B.d.83AFDB05F2B1B2EDFAE48EE71DF56DDD.e.266"
}
[1711619377.493][INFO]: Waiting for pending navigations...
[1711619377.495][INFO]: Done waiting for pending navigations. Status: ok
[1711619377.688][INFO]: Waiting for pending navigations...
[1711619385.143][INFO]: Done waiting for pending navigations. Status: ok
[1711619385.143][INFO]: [40efb944764c66e26b09f4ee77c66600] RESPONSE ClickElement
[1711619388.155][INFO]: [40efb944764c66e26b09f4ee77c66600] COMMAND FindElement {
   "using": "xpath",
   "value": "//label[@for='fromCity']"
}
[1711619388.155][INFO]: Waiting for pending navigations...
[1711619388.158][INFO]: Done waiting for pending navigations. Status: ok
[1711619388.188][INFO]: Waiting for pending navigations...
[1711619388.190][INFO]: Done waiting for pending navigations. Status: ok
[1711619388.190][INFO]: [40efb944764c66e26b09f4ee77c66600] RESPONSE FindElement {
   "element-6066-11e4-a52e-4f735466cecf": "f.9435B40B421CDC70E02DB773207B567B.d.DF3125ECADD7711910B1EC98F129591E.e.452"
}
[1711619388.196][INFO]: [40efb944764c66e26b09f4ee77c66600] COMMAND ClickElement {
   "id": "f.9435B40B421CDC70E02DB773207B567B.d.DF3125ECADD7711910B1EC98F129591E.e.452"
}
[1711619388.197][INFO]: Waiting for pending navigations...
[1711619388.198][INFO]: Done waiting for pending navigations. Status: ok
[1711619388.594][INFO]: Waiting for pending navigations...
[1711619388.601][INFO]: Done waiting for pending navigations. Status: ok
[1711619388.601][INFO]: [40efb944764c66e26b09f4ee77c66600] RESPONSE ClickElement
[1711619391.619][INFO]: [40efb944764c66e26b09f4ee77c66600] COMMAND FindElement {
   "using": "xpath",
   "value": "//input[@placeholder='From']"
}
[1711619391.619][INFO]: Waiting for pending navigations...
[1711619391.621][INFO]: Done waiting for pending navigations. Status: ok
[1711619391.645][INFO]: Waiting for pending navigations...
[1711619391.647][INFO]: Done waiting for pending navigations. Status: ok
[1711619391.647][INFO]: [40efb944764c66e26b09f4ee77c66600] RESPONSE FindElement {
   "element-6066-11e4-a52e-4f735466cecf": "f.9435B40B421CDC70E02DB773207B567B.d.DF3125ECADD7711910B1EC98F129591E.e.454"
}
[1711619391.652][INFO]: [40efb944764c66e26b09f4ee77c66600] COMMAND TypeElement {
   "id": "f.9435B40B421CDC70E02DB773207B567B.d.DF3125ECADD7711910B1EC98F129591E.e.454",
   "text": "ypr",
   "value": [ "y", "p", "r" ]
}
[1711619391.652][INFO]: Waiting for pending navigations...
[1711619391.654][INFO]: Done waiting for pending navigations. Status: ok
[1711619391.809][INFO]: Waiting for pending navigations...
[1711619391.818][INFO]: Done waiting for pending navigations. Status: ok
[1711619391.818][INFO]: [40efb944764c66e26b09f4ee77c66600] RESPONSE TypeElement
[1711619394.825][INFO]: [40efb944764c66e26b09f4ee77c66600] COMMAND FindElements {
   "using": "xpath",
   "value": "//ul[@role='listbox']/li"
}
[1711619394.825][INFO]: Waiting for pending navigations...
[1711619394.826][INFO]: Done waiting for pending navigations. Status: ok
[1711619394.840][INFO]: Waiting for pending navigations...
[1711619394.841][INFO]: Done waiting for pending navigations. Status: ok
[1711619394.841][INFO]: [40efb944764c66e26b09f4ee77c66600] RESPONSE FindElements [ {
   "element-6066-11e4-a52e-4f735466cecf": "f.9435B40B421CDC70E02DB773207B567B.d.DF3125ECADD7711910B1EC98F129591E.e.461"
}, {
   "element-6066-11e4-a52e-4f735466cecf": "f.9435B40B421CDC70E02DB773207B567B.d.DF3125ECADD7711910B1EC98F129591E.e.462"
}, {
   "element-6066-11e4-a52e-4f735466cecf": "f.9435B40B421CDC70E02DB773207B567B.d.DF3125ECADD7711910B1EC98F129591E.e.463"
}, {
   "element-6066-11e4-a52e-4f735466cecf": "f.9435B40B421CDC70E02DB773207B567B.d.DF3125ECADD7711910B1EC98F129591E.e.464"
}, {
   "element-6066-11e4-a52e-4f735466cecf": "f.9435B40B421CDC70E02DB773207B567B.d.DF3125ECADD7711910B1EC98F129591E.e.465"
}, {
   "element-6066-11e4-a52e-4f735466cecf": "f.9435B40B421CDC70E02DB773207B567B.d.DF3125ECADD7711910B1EC98F129591E.e.466"
}, {
   "element-6066-11e4-a52e-4f735466cecf": "f.9435B40B421CDC70E02DB773207B567B.d.DF3125ECADD7711910B1EC98F129591E.e.467"
}, {
   "element-6066-11e4-a52e-4f735466cecf": "f.9435B40B421CDC70E02DB773207B567B.d.DF3125ECADD7711910B1EC98F129591E.e.468"
}, {
   "element-6066-11e4-a52e-4f735466cecf": "f.9435B40B421CDC70E02DB773207B567B.d.DF3125ECADD7711910B1EC98F129591E.e.469"
}, {
   "element-6066-11e4-a52e-4f735466cecf": "f.9435B40B421CDC70E02DB773207B567B.d.DF3125ECADD7711910B1EC98F129591E.e.470"
} ]
[1711619394.846][INFO]: [40efb944764c66e26b09f4ee77c66600] COMMAND ClickElement {
   "id": "f.9435B40B421CDC70E02DB773207B567B.d.DF3125ECADD7711910B1EC98F129591E.e.461"
}
[1711619394.846][INFO]: Waiting for pending navigations...
[1711619394.847][INFO]: Done waiting for pending navigations. Status: ok
[1711619395.028][INFO]: Waiting for pending navigations...
[1711619395.045][INFO]: Done waiting for pending navigations. Status: ok
[1711619395.045][INFO]: [40efb944764c66e26b09f4ee77c66600] RESPONSE ClickElement
[1711619395.052][INFO]: [40efb944764c66e26b09f4ee77c66600] COMMAND FindElement {
   "using": "xpath",
   "value": "//input[@placeholder='To']"
}
[1711619395.053][INFO]: Waiting for pending navigations...
[1711619395.054][INFO]: Done waiting for pending navigations. Status: ok
[1711619395.070][INFO]: Waiting for pending navigations...
[1711619395.071][INFO]: Done waiting for pending navigations. Status: ok
[1711619395.071][INFO]: [40efb944764c66e26b09f4ee77c66600] RESPONSE FindElement {
   "element-6066-11e4-a52e-4f735466cecf": "f.9435B40B421CDC70E02DB773207B567B.d.DF3125ECADD7711910B1EC98F129591E.e.471"
}
[1711619395.076][INFO]: [40efb944764c66e26b09f4ee77c66600] COMMAND TypeElement {
   "id": "f.9435B40B421CDC70E02DB773207B567B.d.DF3125ECADD7711910B1EC98F129591E.e.471",
   "text": "ndls",
   "value": [ "n", "d", "l", "s" ]
}
[1711619395.076][INFO]: Waiting for pending navigations...
[1711619395.077][INFO]: Done waiting for pending navigations. Status: ok
[1711619395.155][INFO]: Waiting for pending navigations...
[1711619395.161][INFO]: Done waiting for pending navigations. Status: ok
[1711619395.161][INFO]: [40efb944764c66e26b09f4ee77c66600] RESPONSE TypeElement
[1711619398.184][INFO]: [40efb944764c66e26b09f4ee77c66600] COMMAND FindElements {
   "using": "xpath",
   "value": "//ul[@role='listbox']/li"
}
[1711619398.185][INFO]: Waiting for pending navigations...
[1711619398.187][INFO]: Done waiting for pending navigations. Status: ok
[1711619398.206][INFO]: Waiting for pending navigations...
[1711619398.208][INFO]: Done waiting for pending navigations. Status: ok
[1711619398.208][INFO]: [40efb944764c66e26b09f4ee77c66600] RESPONSE FindElements [ {
   "element-6066-11e4-a52e-4f735466cecf": "f.9435B40B421CDC70E02DB773207B567B.d.DF3125ECADD7711910B1EC98F129591E.e.483"
}, {
   "element-6066-11e4-a52e-4f735466cecf": "f.9435B40B421CDC70E02DB773207B567B.d.DF3125ECADD7711910B1EC98F129591E.e.484"
}, {
   "element-6066-11e4-a52e-4f735466cecf": "f.9435B40B421CDC70E02DB773207B567B.d.DF3125ECADD7711910B1EC98F129591E.e.485"
}, {
   "element-6066-11e4-a52e-4f735466cecf": "f.9435B40B421CDC70E02DB773207B567B.d.DF3125ECADD7711910B1EC98F129591E.e.477"
}, {
   "element-6066-11e4-a52e-4f735466cecf": "f.9435B40B421CDC70E02DB773207B567B.d.DF3125ECADD7711910B1EC98F129591E.e.479"
}, {
   "element-6066-11e4-a52e-4f735466cecf": "f.9435B40B421CDC70E02DB773207B567B.d.DF3125ECADD7711910B1EC98F129591E.e.486"
}, {
   "element-6066-11e4-a52e-4f735466cecf": "f.9435B40B421CDC70E02DB773207B567B.d.DF3125ECADD7711910B1EC98F129591E.e.487"
}, {
   "element-6066-11e4-a52e-4f735466cecf": "f.9435B40B421CDC70E02DB773207B567B.d.DF3125ECADD7711910B1EC98F129591E.e.488"
}, {
   "element-6066-11e4-a52e-4f735466cecf": "f.9435B40B421CDC70E02DB773207B567B.d.DF3125ECADD7711910B1EC98F129591E.e.489"
}, {
   "element-6066-11e4-a52e-4f735466cecf": "f.9435B40B421CDC70E02DB773207B567B.d.DF3125ECADD7711910B1EC98F129591E.e.490"
} ]
[1711619398.215][INFO]: [40efb944764c66e26b09f4ee77c66600] COMMAND ClickElement {
   "id": "f.9435B40B421CDC70E02DB773207B567B.d.DF3125ECADD7711910B1EC98F129591E.e.483"
}
[1711619398.215][INFO]: Waiting for pending navigations...
[1711619398.217][INFO]: Done waiting for pending navigations. Status: ok
[1711619398.400][INFO]: Waiting for pending navigations...
[1711619398.406][INFO]: Done waiting for pending navigations. Status: ok
[1711619398.406][INFO]: [40efb944764c66e26b09f4ee77c66600] RESPONSE ClickElement
[1711619398.411][INFO]: [40efb944764c66e26b09f4ee77c66600] COMMAND FindElement {
   "using": "xpath",
   "value": "//div[@aria-label='Mon Apr 29 2024']"
}
[1711619398.411][INFO]: Waiting for pending navigations...
[1711619398.412][INFO]: Done waiting for pending navigations. Status: ok
[1711619398.432][INFO]: Waiting for pending navigations...
[1711619398.440][INFO]: Done waiting for pending navigations. Status: ok
[1711619398.440][INFO]: [40efb944764c66e26b09f4ee77c66600] RESPONSE FindElement {
   "element-6066-11e4-a52e-4f735466cecf": "f.9435B40B421CDC70E02DB773207B567B.d.DF3125ECADD7711910B1EC98F129591E.e.493"
}
[1711619398.445][INFO]: [40efb944764c66e26b09f4ee77c66600] COMMAND ClickElement {
   "id": "f.9435B40B421CDC70E02DB773207B567B.d.DF3125ECADD7711910B1EC98F129591E.e.493"
}
[1711619398.445][INFO]: Waiting for pending navigations...
[1711619398.446][INFO]: Done waiting for pending navigations. Status: ok
[1711619398.589][INFO]: Waiting for pending navigations...
[1711619398.594][INFO]: Done waiting for pending navigations. Status: ok
[1711619398.594][INFO]: [40efb944764c66e26b09f4ee77c66600] RESPONSE ClickElement
[1711619398.602][INFO]: [40efb944764c66e26b09f4ee77c66600] COMMAND FindElement {
   "using": "css selector",
   "value": "li[data-cy='3A']"
}
[1711619398.603][INFO]: Waiting for pending navigations...
[1711619398.605][INFO]: Done waiting for pending navigations. Status: ok
[1711619398.621][INFO]: Waiting for pending navigations...
[1711619398.624][INFO]: Done waiting for pending navigations. Status: ok
[1711619398.624][INFO]: [40efb944764c66e26b09f4ee77c66600] RESPONSE FindElement {
   "element-6066-11e4-a52e-4f735466cecf": "f.9435B40B421CDC70E02DB773207B567B.d.DF3125ECADD7711910B1EC98F129591E.e.496"
}
[1711619398.628][INFO]: [40efb944764c66e26b09f4ee77c66600] COMMAND ClickElement {
   "id": "f.9435B40B421CDC70E02DB773207B567B.d.DF3125ECADD7711910B1EC98F129591E.e.496"
}
[1711619398.628][INFO]: Waiting for pending navigations...
[1711619398.630][INFO]: Done waiting for pending navigations. Status: ok
[1711619398.763][INFO]: Waiting for pending navigations...
[1711619398.773][INFO]: Done waiting for pending navigations. Status: ok
[1711619398.773][INFO]: [40efb944764c66e26b09f4ee77c66600] RESPONSE ClickElement
[1711619398.779][INFO]: [40efb944764c66e26b09f4ee77c66600] COMMAND FindElement {
   "using": "css selector",
   "value": "a.widgetSearchBtn"
}
[1711619398.779][INFO]: Waiting for pending navigations...
[1711619398.780][INFO]: Done waiting for pending navigations. Status: ok
[1711619398.801][INFO]: Waiting for pending navigations...
[1711619398.805][INFO]: Done waiting for pending navigations. Status: ok
[1711619398.805][INFO]: [40efb944764c66e26b09f4ee77c66600] RESPONSE FindElement {
   "element-6066-11e4-a52e-4f735466cecf": "f.9435B40B421CDC70E02DB773207B567B.d.DF3125ECADD7711910B1EC98F129591E.e.438"
}
[1711619398.809][INFO]: [40efb944764c66e26b09f4ee77c66600] COMMAND ClickElement {
   "id": "f.9435B40B421CDC70E02DB773207B567B.d.DF3125ECADD7711910B1EC98F129591E.e.438"
}
[1711619398.809][INFO]: Waiting for pending navigations...
[1711619398.810][INFO]: Done waiting for pending navigations. Status: ok
[1711619399.031][INFO]: Waiting for pending navigations...
[1711619401.843][INFO]: Done waiting for pending navigations. Status: ok
[1711619401.843][INFO]: [40efb944764c66e26b09f4ee77c66600] RESPONSE ClickElement
[1711619401.846][INFO]: [40efb944764c66e26b09f4ee77c66600] COMMAND FindElement {
   "using": "css selector",
   "value": "div.train-list"
}
[1711619401.846][INFO]: Waiting for pending navigations...
[1711619401.847][INFO]: Done waiting for pending navigations. Status: ok
[1711619401.863][INFO]: Waiting for pending navigations...
[1711619401.865][INFO]: Done waiting for pending navigations. Status: ok
[1711619401.865][INFO]: [40efb944764c66e26b09f4ee77c66600] RESPONSE FindElement {
   "element-6066-11e4-a52e-4f735466cecf": "f.9435B40B421CDC70E02DB773207B567B.d.25282F5B2577663A9D7AA0CAAA7D76DC.e.560"
}
[1711619401.871][INFO]: [40efb944764c66e26b09f4ee77c66600] COMMAND FindElements {
   "using": "css selector",
   "value": "div.train-list div.ticket-price"
}
[1711619401.871][INFO]: Waiting for pending navigations...
[1711619401.872][INFO]: Done waiting for pending navigations. Status: ok
[1711619401.887][INFO]: Waiting for pending navigations...
[1711619401.888][INFO]: Done waiting for pending navigations. Status: ok
[1711619401.888][INFO]: [40efb944764c66e26b09f4ee77c66600] RESPONSE FindElements [ {
   "element-6066-11e4-a52e-4f735466cecf": "f.9435B40B421CDC70E02DB773207B567B.d.25282F5B2577663A9D7AA0CAAA7D76DC.e.561"
}, {
   "element-6066-11e4-a52e-4f735466cecf": "f.9435B40B421CDC70E02DB773207B567B.d.25282F5B2577663A9D7AA0CAAA7D76DC.e.562"
}, {
   "element-6066-11e4-a52e-4f735466cecf": "f.9435B40B421CDC70E02DB773207B567B.d.25282F5B2577663A9D7AA0CAAA7D76DC.e.563"
}, {
   "element-6066-11e4-a52e-4f735466cecf": "f.9435B40B421CDC70E02DB773207B567B.d.25282F5B2577663A9D7AA0CAAA7D76DC.e.564"
}, {
   "element-6066-11e4-a52e-4f735466cecf": "f.9435B40B421CDC70E02DB773207B567B.d.25282F5B2577663A9D7AA0CAAA7D76DC.e.565"
}, {
   "element-6066-11e4-a52e-4f735466cecf": "f.9435B40B421CDC70E02DB773207B567B.d.25282F5B2577663A9D7AA0CAAA7D76DC.e.566"
}, {
   "element-6066-11e4-a52e-4f735466cecf": "f.9435B40B421CDC70E02DB773207B567B.d.25282F5B2577663A9D7AA0CAAA7D76DC.e.567"
}, {
   "element-6066-11e4-a52e-4f735466cecf": "f.9435B40B421CDC70E02DB773207B567B.d.25282F5B2577663A9D7AA0CAAA7D76DC.e.568"
}, {
   "element-6066-11e4-a52e-4f735466cecf": "f.9435B40B421CDC70E02DB773207B567B.d.25282F5B2577663A9D7AA0CAAA7D76DC.e.569"
}, {
   "element-6066-11e4-a52e-4f735466cecf": "f.9435B40B421CDC70E02DB773207B567B.d.25282F5B2577663A9D7AA0CAAA7D76DC.e.570"
}, {
   "element-6066-11e4-a52e-4f735466cecf": "f.9435B40B421CDC70E02DB773207B567B.d.25282F5B2577663A9D7AA0CAAA7D76DC.e.571"
} ]
[1711619401.892][INFO]: [40efb944764c66e26b09f4ee77c66600] COMMAND GetElementText {
   "id": "f.9435B40B421CDC70E02DB773207B567B.d.25282F5B2577663A9D7AA0CAAA7D76DC.e.561"
}
[1711619401.892][INFO]: Waiting for pending navigations...
[1711619401.894][INFO]: Done waiting for pending navigations. Status: ok
[1711619401.909][INFO]: Waiting for pending navigations...
[1711619401.910][INFO]: Done waiting for pending navigations. Status: ok
[1711619401.910][INFO]: [40efb944764c66e26b09f4ee77c66600] RESPONSE GetElementText "₹ 4245"
[1711619401.914][INFO]: [40efb944764c66e26b09f4ee77c66600] COMMAND GetElementText {
   "id": "f.9435B40B421CDC70E02DB773207B567B.d.25282F5B2577663A9D7AA0CAAA7D76DC.e.562"
}
[1711619401.914][INFO]: Waiting for pending navigations...
[1711619401.916][INFO]: Done waiting for pending navigations. Status: ok
[1711619401.927][INFO]: Waiting for pending navigations...
[1711619401.928][INFO]: Done waiting for pending navigations. Status: ok
[1711619401.928][INFO]: [40efb944764c66e26b09f4ee77c66600] RESPONSE GetElementText "₹ 5840"
[1711619401.932][INFO]: [40efb944764c66e26b09f4ee77c66600] COMMAND GetElementText {
   "id": "f.9435B40B421CDC70E02DB773207B567B.d.25282F5B2577663A9D7AA0CAAA7D76DC.e.563"
}
[1711619401.932][INFO]: Waiting for pending navigations...
[1711619401.933][INFO]: Done waiting for pending navigations. Status: ok
[1711619401.945][INFO]: Waiting for pending navigations...
[1711619401.946][INFO]: Done waiting for pending navigations. Status: ok
[1711619401.946][INFO]: [40efb944764c66e26b09f4ee77c66600] RESPONSE GetElementText "₹ 7300"
[1711619401.951][INFO]: [40efb944764c66e26b09f4ee77c66600] COMMAND GetElementText {
   "id": "f.9435B40B421CDC70E02DB773207B567B.d.25282F5B2577663A9D7AA0CAAA7D76DC.e.564"
}
[1711619401.951][INFO]: Waiting for pending navigations...
[1711619401.952][INFO]: Done waiting for pending navigations. Status: ok
[1711619401.963][INFO]: Waiting for pending navigations...
[1711619401.964][INFO]: Done waiting for pending navigations. Status: ok
[1711619401.964][INFO]: [40efb944764c66e26b09f4ee77c66600] RESPONSE GetElementText "₹ 2400"
[1711619401.968][INFO]: [40efb944764c66e26b09f4ee77c66600] COMMAND GetElementText {
   "id": "f.9435B40B421CDC70E02DB773207B567B.d.25282F5B2577663A9D7AA0CAAA7D76DC.e.565"
}
[1711619401.968][INFO]: Waiting for pending navigations...
[1711619401.969][INFO]: Done waiting for pending navigations. Status: ok
[1711619401.980][INFO]: Waiting for pending navigations...
[1711619401.980][INFO]: Done waiting for pending navigations. Status: ok
[1711619401.980][INFO]: [40efb944764c66e26b09f4ee77c66600] RESPONSE GetElementText "₹ 3500"
[1711619401.985][INFO]: [40efb944764c66e26b09f4ee77c66600] COMMAND GetElementText {
   "id": "f.9435B40B421CDC70E02DB773207B567B.d.25282F5B2577663A9D7AA0CAAA7D76DC.e.566"
}
[1711619401.985][INFO]: Waiting for pending navigations...
[1711619401.987][INFO]: Done waiting for pending navigations. Status: ok
[1711619401.998][INFO]: Waiting for pending navigations...
[1711619402.000][INFO]: Done waiting for pending navigations. Status: ok
[1711619402.000][INFO]: [40efb944764c66e26b09f4ee77c66600] RESPONSE GetElementText "₹ 5990"
[1711619402.003][INFO]: [40efb944764c66e26b09f4ee77c66600] COMMAND GetElementText {
   "id": "f.9435B40B421CDC70E02DB773207B567B.d.25282F5B2577663A9D7AA0CAAA7D76DC.e.567"
}
[1711619402.003][INFO]: Waiting for pending navigations...
[1711619402.004][INFO]: Done waiting for pending navigations. Status: ok
[1711619402.020][INFO]: Waiting for pending navigations...
[1711619402.021][INFO]: Done waiting for pending navigations. Status: ok
[1711619402.021][INFO]: [40efb944764c66e26b09f4ee77c66600] RESPONSE GetElementText "₹ 930"
[1711619402.025][INFO]: [40efb944764c66e26b09f4ee77c66600] COMMAND GetElementText {
   "id": "f.9435B40B421CDC70E02DB773207B567B.d.25282F5B2577663A9D7AA0CAAA7D76DC.e.568"
}
[1711619402.025][INFO]: Waiting for pending navigations...
[1711619402.027][INFO]: Done waiting for pending navigations. Status: ok
[1711619402.047][INFO]: Waiting for pending navigations...
[1711619402.126][INFO]: Done waiting for pending navigations. Status: ok
[1711619402.126][INFO]: [40efb944764c66e26b09f4ee77c66600] RESPONSE GetElementText "₹ 2225"
[1711619402.145][INFO]: [40efb944764c66e26b09f4ee77c66600] COMMAND GetElementText {
   "id": "f.9435B40B421CDC70E02DB773207B567B.d.25282F5B2577663A9D7AA0CAAA7D76DC.e.569"
}
[1711619402.145][INFO]: Waiting for pending navigations...
[1711619402.156][INFO]: Done waiting for pending navigations. Status: ok
[1711619402.166][INFO]: Waiting for pending navigations...
[1711619402.167][INFO]: Done waiting for pending navigations. Status: ok
[1711619402.167][INFO]: [40efb944764c66e26b09f4ee77c66600] RESPONSE GetElementText "₹ 860"
[1711619402.170][INFO]: [40efb944764c66e26b09f4ee77c66600] COMMAND GetElementText {
   "id": "f.9435B40B421CDC70E02DB773207B567B.d.25282F5B2577663A9D7AA0CAAA7D76DC.e.570"
}
[1711619402.170][INFO]: Waiting for pending navigations...
[1711619402.172][INFO]: Done waiting for pending navigations. Status: ok
[1711619402.182][INFO]: Waiting for pending navigations...
[1711619402.183][INFO]: Done waiting for pending navigations. Status: ok
[1711619402.183][INFO]: [40efb944764c66e26b09f4ee77c66600] RESPONSE GetElementText "₹ 3230"
[1711619402.187][INFO]: [40efb944764c66e26b09f4ee77c66600] COMMAND GetElementText {
   "id": "f.9435B40B421CDC70E02DB773207B567B.d.25282F5B2577663A9D7AA0CAAA7D76DC.e.571"
}
[1711619402.187][INFO]: Waiting for pending navigations...
[1711619402.188][INFO]: Done waiting for pending navigations. Status: ok
[1711619402.200][INFO]: Waiting for pending navigations...
[1711619402.201][INFO]: Done waiting for pending navigations. Status: ok
[1711619402.201][INFO]: [40efb944764c66e26b09f4ee77c66600] RESPONSE GetElementText "₹ 5520"
[1711619402.205][INFO]: [40efb944764c66e26b09f4ee77c66600] COMMAND FindElement {
   "using": "css selector",
   "value": "li.menu_Buses"
}
[1711619402.205][INFO]: Waiting for pending navigations...
[1711619402.207][INFO]: Done waiting for pending navigations. Status: ok
[1711619402.220][INFO]: Waiting for pending navigations...
[1711619402.221][INFO]: Done waiting for pending navigations. Status: ok
[1711619402.222][INFO]: [40efb944764c66e26b09f4ee77c66600] RESPONSE FindElement {
   "element-6066-11e4-a52e-4f735466cecf": "f.9435B40B421CDC70E02DB773207B567B.d.25282F5B2577663A9D7AA0CAAA7D76DC.e.523"
}
[1711619402.227][INFO]: [40efb944764c66e26b09f4ee77c66600] COMMAND ClickElement {
   "id": "f.9435B40B421CDC70E02DB773207B567B.d.25282F5B2577663A9D7AA0CAAA7D76DC.e.523"
}
[1711619402.227][INFO]: Waiting for pending navigations...
[1711619402.229][INFO]: Done waiting for pending navigations. Status: ok
[1711619402.474][INFO]: Waiting for pending navigations...
[1711619404.661][INFO]: Done waiting for pending navigations. Status: ok
[1711619404.661][INFO]: [40efb944764c66e26b09f4ee77c66600] RESPONSE ClickElement
[1711619407.684][INFO]: [40efb944764c66e26b09f4ee77c66600] COMMAND FindElement {
   "using": "xpath",
   "value": "//label[@for='fromCity']"
}
[1711619407.684][INFO]: Waiting for pending navigations...
[1711619407.686][INFO]: Done waiting for pending navigations. Status: ok
[1711619407.712][INFO]: Waiting for pending navigations...
[1711619407.714][INFO]: Done waiting for pending navigations. Status: ok
[1711619407.714][INFO]: [40efb944764c66e26b09f4ee77c66600] RESPONSE FindElement {
   "element-6066-11e4-a52e-4f735466cecf": "f.9435B40B421CDC70E02DB773207B567B.d.4AC612168378E907D47F7DDA268C7E82.e.794"
}
[1711619407.720][INFO]: [40efb944764c66e26b09f4ee77c66600] COMMAND ClickElement {
   "id": "f.9435B40B421CDC70E02DB773207B567B.d.4AC612168378E907D47F7DDA268C7E82.e.794"
}
[1711619407.720][INFO]: Waiting for pending navigations...
[1711619407.723][INFO]: Done waiting for pending navigations. Status: ok
[1711619408.073][INFO]: Waiting for pending navigations...
[1711619408.079][INFO]: Done waiting for pending navigations. Status: ok
[1711619408.079][INFO]: [40efb944764c66e26b09f4ee77c66600] RESPONSE ClickElement
[1711619411.095][INFO]: [40efb944764c66e26b09f4ee77c66600] COMMAND FindElement {
   "using": "xpath",
   "value": "//input[@placeholder='From']"
}
[1711619411.095][INFO]: Waiting for pending navigations...
[1711619411.098][INFO]: Done waiting for pending navigations. Status: ok
[1711619411.129][INFO]: Waiting for pending navigations...
[1711619411.131][INFO]: Done waiting for pending navigations. Status: ok
[1711619411.131][INFO]: [40efb944764c66e26b09f4ee77c66600] RESPONSE FindElement {
   "element-6066-11e4-a52e-4f735466cecf": "f.9435B40B421CDC70E02DB773207B567B.d.4AC612168378E907D47F7DDA268C7E82.e.797"
}
[1711619411.138][INFO]: [40efb944764c66e26b09f4ee77c66600] COMMAND TypeElement {
   "id": "f.9435B40B421CDC70E02DB773207B567B.d.4AC612168378E907D47F7DDA268C7E82.e.797",
   "text": "bangl",
   "value": [ "b", "a", "n", "g", "l" ]
}
[1711619411.138][INFO]: Waiting for pending navigations...
[1711619411.140][INFO]: Done waiting for pending navigations. Status: ok
[1711619411.345][INFO]: Waiting for pending navigations...
[1711619411.367][INFO]: Done waiting for pending navigations. Status: ok
[1711619411.367][INFO]: [40efb944764c66e26b09f4ee77c66600] RESPONSE TypeElement
[1711619414.370][INFO]: [40efb944764c66e26b09f4ee77c66600] COMMAND FindElements {
   "using": "xpath",
   "value": "//ul[@role='listbox']/li"
}
[1711619414.370][INFO]: Waiting for pending navigations...
[1711619414.373][INFO]: Done waiting for pending navigations. Status: ok
[1711619414.395][INFO]: Waiting for pending navigations...
[1711619414.397][INFO]: Done waiting for pending navigations. Status: ok
[1711619414.397][INFO]: [40efb944764c66e26b09f4ee77c66600] RESPONSE FindElements [ {
   "element-6066-11e4-a52e-4f735466cecf": "f.9435B40B421CDC70E02DB773207B567B.d.4AC612168378E907D47F7DDA268C7E82.e.799"
}, {
   "element-6066-11e4-a52e-4f735466cecf": "f.9435B40B421CDC70E02DB773207B567B.d.4AC612168378E907D47F7DDA268C7E82.e.800"
}, {
   "element-6066-11e4-a52e-4f735466cecf": "f.9435B40B421CDC70E02DB773207B567B.d.4AC612168378E907D47F7DDA268C7E82.e.801"
}, {
   "element-6066-11e4-a52e-4f735466cecf": "f.9435B40B421CDC70E02DB773207B567B.d.4AC612168378E907D47F7DDA268C7E82.e.802"
}, {
   "element-6066-11e4-a52e-4f735466cecf": "f.9435B40B421CDC70E02DB773207B567B.d.4AC612168378E907D47F7DDA268C7E82.e.803"
}, {
   "element-6066-11e4-a52e-4f735466cecf": "f.9435B40B421CDC70E02DB773207B567B.d.4AC612168378E907D47F7DDA268C7E82.e.804"
}, {
   "element-6066-11e4-a52e-4f735466cecf": "f.9435B40B421CDC70E02DB773207B567B.d.4AC612168378E907D47F7DDA268C7E82.e.805"
}, {
   "element-6066-11e4-a52e-4f735466cecf": "f.9435B40B421CDC70E02DB773207B567B.d.4AC612168378E907D47F7DDA268C7E82.e.806"
}, {
   "element-6066-11e4-a52e-4f735466cecf": "f.9435B40B421CDC70E02DB773207B567B.d.4AC612168378E907D47F7DDA268C7E82.e.807"
}, {
   "element-6066-11e4-a52e-4f735466cecf": "f.9435B40B421CDC70E02DB773207B567B.d.4AC612168378E907D47F7DDA268C7E82.e.808"
} ]
[1711619414.404][INFO]: [40efb944764c66e26b09f4ee77c66600] COMMAND ClickElement {
   "id": "f.9435B40B421CDC70E02DB773207B567B.d.4AC612168378E907D47F7DDA268C7E82.e.799"
}
[1711619414.404][INFO]: Waiting for pending navigations...
[1711619414.406][INFO]: Done waiting for pending navigations. Status: ok
[1711619414.691][INFO]: Waiting for pending navigations...
[1711619414.697][INFO]: Done waiting for pending navigations. Status: ok
[1711619414.697][INFO]: [40efb944764c66e26b09f4ee77c66600] RESPONSE ClickElement
[1711619414.707][INFO]: [40efb944764c66e26b09f4ee77c66600] COMMAND FindElement {
   "using": "xpath",
   "value": "//input[@placeholder='To']"
}
[1711619414.707][INFO]: Waiting for pending navigations...
[1711619414.708][INFO]: Done waiting for pending navigations. Status: ok
[1711619414.725][INFO]: Waiting for pending navigations...
[1711619414.726][INFO]: Done waiting for pending navigations. Status: ok
[1711619414.726][INFO]: [40efb944764c66e26b09f4ee77c66600] RESPONSE FindElement {
   "element-6066-11e4-a52e-4f735466cecf": "f.9435B40B421CDC70E02DB773207B567B.d.4AC612168378E907D47F7DDA268C7E82.e.809"
}
[1711619414.732][INFO]: [40efb944764c66e26b09f4ee77c66600] COMMAND TypeElement {
   "id": "f.9435B40B421CDC70E02DB773207B567B.d.4AC612168378E907D47F7DDA268C7E82.e.809",
   "text": "ran",
   "value": [ "r", "a", "n" ]
}
[1711619414.732][INFO]: Waiting for pending navigations...
[1711619414.733][INFO]: Done waiting for pending navigations. Status: ok
[1711619414.814][INFO]: Waiting for pending navigations...
[1711619414.820][INFO]: Done waiting for pending navigations. Status: ok
[1711619414.821][INFO]: [40efb944764c66e26b09f4ee77c66600] RESPONSE TypeElement
[1711619417.827][INFO]: [40efb944764c66e26b09f4ee77c66600] COMMAND FindElements {
   "using": "xpath",
   "value": "//ul[@role='listbox']/li"
}
[1711619417.827][INFO]: Waiting for pending navigations...
[1711619417.830][INFO]: Done waiting for pending navigations. Status: ok
[1711619417.849][INFO]: Waiting for pending navigations...
[1711619417.850][INFO]: Done waiting for pending navigations. Status: ok
[1711619417.851][INFO]: [40efb944764c66e26b09f4ee77c66600] RESPONSE FindElements [ {
   "element-6066-11e4-a52e-4f735466cecf": "f.9435B40B421CDC70E02DB773207B567B.d.4AC612168378E907D47F7DDA268C7E82.e.814"
}, {
   "element-6066-11e4-a52e-4f735466cecf": "f.9435B40B421CDC70E02DB773207B567B.d.4AC612168378E907D47F7DDA268C7E82.e.815"
}, {
   "element-6066-11e4-a52e-4f735466cecf": "f.9435B40B421CDC70E02DB773207B567B.d.4AC612168378E907D47F7DDA268C7E82.e.816"
}, {
   "element-6066-11e4-a52e-4f735466cecf": "f.9435B40B421CDC70E02DB773207B567B.d.4AC612168378E907D47F7DDA268C7E82.e.817"
}, {
   "element-6066-11e4-a52e-4f735466cecf": "f.9435B40B421CDC70E02DB773207B567B.d.4AC612168378E907D47F7DDA268C7E82.e.818"
}, {
   "element-6066-11e4-a52e-4f735466cecf": "f.9435B40B421CDC70E02DB773207B567B.d.4AC612168378E907D47F7DDA268C7E82.e.819"
}, {
   "element-6066-11e4-a52e-4f735466cecf": "f.9435B40B421CDC70E02DB773207B567B.d.4AC612168378E907D47F7DDA268C7E82.e.820"
}, {
   "element-6066-11e4-a52e-4f735466cecf": "f.9435B40B421CDC70E02DB773207B567B.d.4AC612168378E907D47F7DDA268C7E82.e.821"
}, {
   "element-6066-11e4-a52e-4f735466cecf": "f.9435B40B421CDC70E02DB773207B567B.d.4AC612168378E907D47F7DDA268C7E82.e.822"
}, {
   "element-6066-11e4-a52e-4f735466cecf": "f.9435B40B421CDC70E02DB773207B567B.d.4AC612168378E907D47F7DDA268C7E82.e.823"
} ]
[1711619417.856][INFO]: [40efb944764c66e26b09f4ee77c66600] COMMAND ClickElement {
   "id": "f.9435B40B421CDC70E02DB773207B567B.d.4AC612168378E907D47F7DDA268C7E82.e.814"
}
[1711619417.856][INFO]: Waiting for pending navigations...
[1711619417.858][INFO]: Done waiting for pending navigations. Status: ok
[1711619418.061][INFO]: Waiting for pending navigations...
[1711619418.074][INFO]: Done waiting for pending navigations. Status: ok
[1711619418.074][INFO]: [40efb944764c66e26b09f4ee77c66600] RESPONSE ClickElement
[1711619418.087][INFO]: [40efb944764c66e26b09f4ee77c66600] COMMAND FindElement {
   "using": "xpath",
   "value": "//div[@aria-label='Mon Apr 29 2024']"
}
[1711619418.087][INFO]: Waiting for pending navigations...
[1711619418.088][INFO]: Done waiting for pending navigations. Status: ok
[1711619418.106][INFO]: Waiting for pending navigations...
[1711619418.108][INFO]: Done waiting for pending navigations. Status: ok
[1711619418.108][INFO]: [40efb944764c66e26b09f4ee77c66600] RESPONSE FindElement {
   "element-6066-11e4-a52e-4f735466cecf": "f.9435B40B421CDC70E02DB773207B567B.d.4AC612168378E907D47F7DDA268C7E82.e.826"
}
[1711619418.117][INFO]: [40efb944764c66e26b09f4ee77c66600] COMMAND ClickElement {
   "id": "f.9435B40B421CDC70E02DB773207B567B.d.4AC612168378E907D47F7DDA268C7E82.e.826"
}
[1711619418.117][INFO]: Waiting for pending navigations...
[1711619418.120][INFO]: Done waiting for pending navigations. Status: ok
[1711619418.331][INFO]: Waiting for pending navigations...
[1711619418.340][INFO]: Done waiting for pending navigations. Status: ok
[1711619418.341][INFO]: [40efb944764c66e26b09f4ee77c66600] RESPONSE ClickElement
[1711619418.356][INFO]: [40efb944764c66e26b09f4ee77c66600] COMMAND FindElement {
   "using": "css selector",
   "value": "button#search_button"
}
[1711619418.356][INFO]: Waiting for pending navigations...
[1711619418.357][INFO]: Done waiting for pending navigations. Status: ok
[1711619418.386][INFO]: Waiting for pending navigations...
[1711619418.389][INFO]: Done waiting for pending navigations. Status: ok
[1711619418.390][INFO]: [40efb944764c66e26b09f4ee77c66600] RESPONSE FindElement {
   "element-6066-11e4-a52e-4f735466cecf": "f.9435B40B421CDC70E02DB773207B567B.d.4AC612168378E907D47F7DDA268C7E82.e.792"
}
[1711619418.407][INFO]: [40efb944764c66e26b09f4ee77c66600] COMMAND ClickElement {
   "id": "f.9435B40B421CDC70E02DB773207B567B.d.4AC612168378E907D47F7DDA268C7E82.e.792"
}
[1711619418.407][INFO]: Waiting for pending navigations...
[1711619418.409][INFO]: Done waiting for pending navigations. Status: ok
[1711619419.062][INFO]: Waiting for pending navigations...
[1711619421.433][INFO]: Done waiting for pending navigations. Status: ok
[1711619421.433][INFO]: [40efb944764c66e26b09f4ee77c66600] RESPONSE ClickElement
[1711619421.443][INFO]: [40efb944764c66e26b09f4ee77c66600] COMMAND FindElement {
   "using": "xpath",
   "value": "//span[@class='error-title']"
}
[1711619421.443][INFO]: Waiting for pending navigations...
[1711619421.446][INFO]: Done waiting for pending navigations. Status: ok
[1711619421.463][INFO]: Waiting for pending navigations...
[1711619421.465][INFO]: Done waiting for pending navigations. Status: ok
[1711619421.465][INFO]: [40efb944764c66e26b09f4ee77c66600] RESPONSE FindElement {
   "element-6066-11e4-a52e-4f735466cecf": "f.9435B40B421CDC70E02DB773207B567B.d.ECF4E98F5D02962D324D11337241C417.e.873"
}
[1711619421.470][INFO]: [40efb944764c66e26b09f4ee77c66600] COMMAND FindElement {
   "using": "xpath",
   "value": "//span[@class='error-title']"
}
[1711619421.470][INFO]: Waiting for pending navigations...
[1711619421.472][INFO]: Done waiting for pending navigations. Status: ok
[1711619421.482][INFO]: Waiting for pending navigations...
[1711619421.483][INFO]: Done waiting for pending navigations. Status: ok
[1711619421.483][INFO]: [40efb944764c66e26b09f4ee77c66600] RESPONSE FindElement {
   "element-6066-11e4-a52e-4f735466cecf": "f.9435B40B421CDC70E02DB773207B567B.d.ECF4E98F5D02962D324D11337241C417.e.873"
}
[1711619421.487][INFO]: [40efb944764c66e26b09f4ee77c66600] COMMAND GetElementText {
   "id": "f.9435B40B421CDC70E02DB773207B567B.d.ECF4E98F5D02962D324D11337241C417.e.873"
}
[1711619421.487][INFO]: Waiting for pending navigations...
[1711619421.488][INFO]: Done waiting for pending navigations. Status: ok
[1711619421.499][INFO]: Waiting for pending navigations...
[1711619421.499][INFO]: Done waiting for pending navigations. Status: ok
[1711619421.499][INFO]: [40efb944764c66e26b09f4ee77c66600] RESPONSE GetElementText "No buses found for 29 Apr"
[1711619421.504][INFO]: [40efb944764c66e26b09f4ee77c66600] COMMAND CloseWindow {
}
[1711619421.688][SEVERE]: Unable to receive message from renderer
[1711619422.030][INFO]: [40efb944764c66e26b09f4ee77c66600] RESPONSE CloseWindow [  ]
